2025-02-11 19:44:18.451 -05:00 [INF] ConfigurationFileUtility.GetConfiguration: Coverage settings file not provided. Using default settings.
2025-02-11 19:44:18.481 -05:00 [INF] Starting collection for session id: 886352ee-44b3-42bf-b207-226d64c5c7d0
2025-02-11 19:44:18.497 -05:00 [INF] ReportGenerator.LoadGenerators. OutputType: default
2025-02-11 19:44:18.497 -05:00 [ERR] ReportGeneratorFactory.CreateGenerator: Invalid outputType: default found. Using DefaultReportGenerator.
2025-02-11 19:44:18.497 -05:00 [VRB] PrivilegeChecker.IsPrivilegeEnabled number of privileges: 5
2025-02-11 19:44:18.504 -05:00 [VRB] PrivilegeChecker.IsPrivilegeEnabled number of privileges: 5
2025-02-11 19:44:18.504 -05:00 [VRB] PrivilegeChecker.IsPrivilegeEnabled number of privileges: 5
2025-02-11 19:44:18.520 -05:00 [INF] PipeConnectionsManager.OpenConnectionInternal: acquired lock. Creating new connection.
2025-02-11 19:44:18.520 -05:00 [INF] PipeConnectionsManager.OpenConnectionInternal: Created new connection. Number of connections: 0
2025-02-11 19:44:18.520 -05:00 [INF] PipeConnectionsManager.OpenConnectionInternal: acquired lock. Creating new connection.
2025-02-11 19:44:18.520 -05:00 [INF] PipeConnectionsManager.OpenConnectionInternal: Created new connection. Number of connections: 0
2025-02-11 19:44:18.520 -05:00 [INF] PipeConnectionsManager.OpenConnectionInternal: acquired lock. Creating new connection.
2025-02-11 19:44:18.520 -05:00 [INF] PipeConnectionsManager.OpenConnectionInternal: Created new connection. Number of connections: 0
2025-02-11 19:44:18.520 -05:00 [INF] PipeConnectionsManager.OpenConnectionInternal: acquired lock. Creating new connection.
2025-02-11 19:44:18.520 -05:00 [INF] PipeConnectionsManager.OpenConnectionInternal: Created new connection. Number of connections: 0
2025-02-11 19:44:18.520 -05:00 [INF] PipeConnectionsManager.OpenConnectionInternal: acquired lock. Creating new connection.
2025-02-11 19:44:18.520 -05:00 [INF] PipeConnectionsManager.OpenConnectionInternal: Created new connection. Number of connections: 0
2025-02-11 19:44:18.536 -05:00 [VRB] Configuring environment variable key: CODE_COVERAGE_SESSION_NAME, value: 886352ee-44b3-42bf-b207-226d64c5c7d0
2025-02-11 19:44:18.536 -05:00 [VRB] Configuring environment variable key: CODE_COVERAGE_PIPE_COUNT, value: 1
2025-02-11 19:44:18.536 -05:00 [VRB] Configuring environment variable key: MicrosoftInstrumentationEngine_DisableCodeSignatureValidation, value: 1
2025-02-11 19:44:18.536 -05:00 [VRB] Configuring environment variable key: CODE_COVERAGE_FLAGS, value: 5
2025-02-11 19:44:18.536 -05:00 [VRB] Configuring environment variable key: CODE_COVERAGE_DATA_PREFIX, value: CodeCoverage.886352ee-44b3-42bf-b207-226d64c5c7d0.
2025-02-11 19:44:18.536 -05:00 [VRB] Configuring environment variable key: MicrosoftInstrumentationEngine_ConfigPath64_VanguardInstrumentationProfiler, value: C:\Program Files\Microsoft Visual Studio\2022\Enterprise\Team Tools\Dynamic Code Coverage Tools\amd64\Cov_x64.config
2025-02-11 19:44:18.536 -05:00 [VRB] Configuring environment variable key: MicrosoftInstrumentationEngine_ConfigPath32_VanguardInstrumentationProfiler, value: C:\Program Files\Microsoft Visual Studio\2022\Enterprise\Team Tools\Dynamic Code Coverage Tools\Cov_x86.config
2025-02-11 19:44:18.536 -05:00 [VRB] Configuring environment variable key: MicrosoftInstrumentationEngine_ConfigPathARM64_VanguardInstrumentationProfiler, value: C:\Program Files\Microsoft Visual Studio\2022\Enterprise\Team Tools\Dynamic Code Coverage Tools\arm64\Cov_arm64.config
2025-02-11 19:44:18.536 -05:00 [VRB] Configuring environment variable key: PATH, value: C:\Program Files\Microsoft Visual Studio\2022\Enterprise\Team Tools\Dynamic Code Coverage Tools\arm64;C:\Program Files\Microsoft Visual Studio\2022\Enterprise\Team Tools\Dynamic Code Coverage Tools\amd64;C:\Program Files\Microsoft Visual Studio\2022\Enterprise\Team Tools\Dynamic Code Coverage Tools;C:\Program Files (x86)\VMware\VMware Workstation\bin\;C:\Program Files (x86)\Common Files\Oracle\Java\java8path;C:\Program Files (x86)\Common Files\Oracle\Java\javapath;C:\WINDOWS\system32;C:\WINDOWS;C:\WINDOWS\System32\Wbem;C:\WINDOWS\System32\WindowsPowerShell\v1.0\;C:\WINDOWS\System32\OpenSSH\;C:\Program Files\Git\cmd;C:\Program Files\dotnet\;C:\Program Files\PuTTY\;C:\Users\ThomasPronovost\.cargo\registry\src\index.crates.io-6f17d22bba15001f\probe-rs-0.24.0;C:\pkg-config-lite-0.28-1\bin;C:\Program Files\Microsoft SQL Server\150\Tools\Binn\;C:\Program Files (x86)\Windows Kits\10\Windows Performance Toolkit\;C:\Users\ThomasPronovost\.rustup\toolchains\esp\xtensa-esp32-elf-clang\esp-clang\bin;C:\Users\ThomasPronovost\.rustup\toolchains\esp\xtensa-esp-elf\bin;C:\Users\ThomasPronovost\.cargo\bin;C:\Users\ThomasPronovost\AppData\Local\Microsoft\WindowsApps;C:\Python27;C:\Python27\Scripts;C:\Users\ThomasPronovost\AppData\Local\Programs\Microsoft VS Code\bin;C:\Users\ThomasPronovost\AppData\Local\Programs\Python\Python310\Scripts\;C:\Users\ThomasPronovost\AppData\Local\Programs\Python\Python310\;C:\ULP\bin;C:\MinGW\bin;C:\vcpkg;
2025-02-11 19:44:18.536 -05:00 [VRB] Configuring environment variable key: CORECLR_ENABLE_PROFILING, value: 1
2025-02-11 19:44:18.536 -05:00 [VRB] Configuring environment variable key: CORECLR_PROFILER_PATH_64, value: C:\Program Files\Microsoft Visual Studio\2022\Enterprise\Common7\IDE\CommonExtensions\Platform\InstrumentationEngine\x64\MicrosoftInstrumentationEngine_x64.dll
2025-02-11 19:44:18.536 -05:00 [VRB] Configuring environment variable key: CORECLR_PROFILER, value: {324F817A-7420-4E6D-B3C1-143FBED6D855}
2025-02-11 19:44:18.536 -05:00 [VRB] Configuring environment variable key: CORECLR_PROFILER_PATH_32, value: C:\Program Files\Microsoft Visual Studio\2022\Enterprise\Common7\IDE\CommonExtensions\Platform\InstrumentationEngine\x86\MicrosoftInstrumentationEngine_x86.dll
2025-02-11 19:44:18.536 -05:00 [VRB] Configuring environment variable key: CORECLR_PROFILER_PATH_ARM64, value: C:\Program Files\Microsoft Visual Studio\2022\Enterprise\Common7\IDE\CommonExtensions\Platform\InstrumentationEngine\arm64\MicrosoftInstrumentationEngine_arm64.dll
2025-02-11 19:44:18.536 -05:00 [VRB] Configuring environment variable key: COR_ENABLE_PROFILING, value: 1
2025-02-11 19:44:18.536 -05:00 [VRB] Configuring environment variable key: COR_PROFILER_PATH_32, value: C:\Program Files\Microsoft Visual Studio\2022\Enterprise\Common7\IDE\CommonExtensions\Platform\InstrumentationEngine\x86\MicrosoftInstrumentationEngine_x86.dll
2025-02-11 19:44:18.536 -05:00 [VRB] Configuring environment variable key: COR_PROFILER_PATH_64, value: C:\Program Files\Microsoft Visual Studio\2022\Enterprise\Common7\IDE\CommonExtensions\Platform\InstrumentationEngine\x64\MicrosoftInstrumentationEngine_x64.dll
2025-02-11 19:44:18.536 -05:00 [VRB] Configuring environment variable key: COR_PROFILER_PATH_ARM64, value: C:\Program Files\Microsoft Visual Studio\2022\Enterprise\Common7\IDE\CommonExtensions\Platform\InstrumentationEngine\arm64\MicrosoftInstrumentationEngine_arm64.dll
2025-02-11 19:44:18.536 -05:00 [VRB] Configuring environment variable key: COR_PROFILER, value: {324F817A-7420-4E6D-B3C1-143FBED6D855}
2025-02-11 19:44:18.536 -05:00 [VRB] ProcessFactoryWithCovrunInjection.Create injecting covrun into new process for session: 886352ee-44b3-42bf-b207-226d64c5c7d0
2025-02-11 19:44:18.536 -05:00 [VRB] ProcessFactory: Starting process: fileName: C:\Program Files\Microsoft Visual Studio\2022\Enterprise\Team Tools\Dynamic Code Coverage Tools\amd64\CodeCoverage.exe, arguments: connect /session:886352ee-44b3-42bf-b207-226d64c5c7d0 /wait C:\Users\ThomasPronovost\Desktop\Polytechnique_MTL\Hiver_2025\1015_Programmation_orientee_objet_avancee\TP2INF1015\TP2\TP2INF1015-3b20f48474aefa242452db60350ac98523c74f7b\Debug\td2_partie2.exe 
2025-02-11 19:44:18.536 -05:00 [INF] Started process id: 24504
2025-02-11 19:44:18.551 -05:00 [INF] PipeConnection.OnClientConnected: 906420e9-3453-4424-aeda-310b10b674f3 connected: CodeCoverage.pipe.886352ee-44b3-42bf-b207-226d64c5c7d0
2025-02-11 19:44:18.551 -05:00 [INF] PipeConnectionsManager.OnClientConnectedEvent: Client connect with pipe: CodeCoverage.pipe.886352ee-44b3-42bf-b207-226d64c5c7d0
2025-02-11 19:44:18.551 -05:00 [INF] PipeConnectionsManager.OpenConnectionInternal: acquired lock. Creating new connection.
2025-02-11 19:44:18.551 -05:00 [INF] PipeConnectionsManager.OpenConnectionInternal: Created new connection. Number of connections: 1
2025-02-11 19:44:18.551 -05:00 [VRB] PipeConnection.OnClientConnected: 906420e9-3453-4424-aeda-310b10b674f3 finished
2025-02-11 19:44:18.567 -05:00 [INF] LoggerBase.OnClientConnected: processId:24504
2025-02-11 19:44:18.567 -05:00 [INF] CoveragePipeClient.SendConfiguration[24504]: Sending RegisterClientResponseMessage to client.
2025-02-11 19:44:18.567 -05:00 [VRB] PipeConnection.ReadMessagesAsync: 906420e9-3453-4424-aeda-310b10b674f3 finished
2025-02-11 19:44:18.614 -05:00 [INF] PipeConnection.OnClientConnected: 8439b03d-7f23-44e7-8828-e24e32dee0f5 connected: CodeCoverage.pipe.886352ee-44b3-42bf-b207-226d64c5c7d0
2025-02-11 19:44:18.614 -05:00 [INF] PipeConnectionsManager.OnClientConnectedEvent: Client connect with pipe: CodeCoverage.pipe.886352ee-44b3-42bf-b207-226d64c5c7d0
2025-02-11 19:44:18.614 -05:00 [INF] PipeConnectionsManager.OpenConnectionInternal: acquired lock. Creating new connection.
2025-02-11 19:44:18.614 -05:00 [INF] PipeConnectionsManager.OpenConnectionInternal: Created new connection. Number of connections: 2
2025-02-11 19:44:18.614 -05:00 [VRB] PipeConnection.OnClientConnected: 8439b03d-7f23-44e7-8828-e24e32dee0f5 finished
2025-02-11 19:44:18.614 -05:00 [INF] LoggerBase.OnClientConnected: processId:236
2025-02-11 19:44:18.614 -05:00 [INF] CoveragePipeClient.SendConfiguration[236]: Sending RegisterClientResponseMessage to client.
2025-02-11 19:44:18.614 -05:00 [INF] LoggerBase.CreateStream[236]: k:StreamKey { Id = 28bd9a2e-c452-4f14-ac55-f5b0e29a31e3, Prefix = entrypoint:\ } type:b157a3a4-9542-4546-859b-abd1367a08ed path:C:\Users\ThomasPronovost\Desktop\Polytechnique_MTL\Hiver_2025\1015_Programmation_orientee_objet_avancee\TP2INF1015\TP2\TP2INF1015-3b20f48474aefa242452db60350ac98523c74f7b\Debug\td2_partie2.exe
2025-02-11 19:44:18.614 -05:00 [INF] StaticStreamCreator.CreateStream: Creating LocalMemoryStream. streamId:0, identifier:00000000-0000-0000-0000-000000000000
2025-02-11 19:44:18.629 -05:00 [INF] LoggerBase.OnCreateStream: processId:236, streamId:0, streamType:b157a3a4-9542-4546-859b-abd1367a08ed, bufferSize:0, bufferHeader:, bufferName:, prefix:entrypoint:\
2025-02-11 19:44:18.629 -05:00 [INF] CoveragePipeClient.SendCreateStreamResponse[236]: streamId:0, bufferName:
2025-02-11 19:44:18.645 -05:00 [INF] LoggerBase.CreateStream[236]: k:StreamKey { Id = 28bd9a2e-c452-4f14-ac55-f5b0e29a31e3, Prefix = unmanaged:\ } type:2a4f0f81-6809-4480-87ce-0d772568cfb6 path:C:\Users\ThomasPronovost\Desktop\Polytechnique_MTL\Hiver_2025\1015_Programmation_orientee_objet_avancee\TP2INF1015\TP2\TP2INF1015-3b20f48474aefa242452db60350ac98523c74f7b\Debug\td2_partie2.exe
2025-02-11 19:44:18.645 -05:00 [INF] StaticStreamCreator.CreateStream: Creating LocalMemoryStream. streamId:1, identifier:00000000-0000-0000-0000-000000000000
2025-02-11 19:44:18.645 -05:00 [INF] LoggerBase.OnCreateStream: processId:236, streamId:1, streamType:2a4f0f81-6809-4480-87ce-0d772568cfb6, bufferSize:0, bufferHeader:, bufferName:, prefix:unmanaged:\
2025-02-11 19:44:18.645 -05:00 [INF] CoveragePipeClient.SendCreateStreamResponse[236]: streamId:1, bufferName:
2025-02-11 19:44:18.645 -05:00 [VRB] LoggerBase.OnWriteStream: processId:236, streamId:1, streamType:2a4f0f81-6809-4480-87ce-0d772568cfb6, bufferSize:434
2025-02-11 19:44:18.661 -05:00 [VRB] LoggerBase.OnWriteStream: processId:236, streamId:1, streamType:2a4f0f81-6809-4480-87ce-0d772568cfb6, bufferSize:102
2025-02-11 19:44:18.661 -05:00 [VRB] LoggerBase.OnWriteStream: processId:236, streamId:1, streamType:2a4f0f81-6809-4480-87ce-0d772568cfb6, bufferSize:304
2025-02-11 19:44:18.661 -05:00 [VRB] LoggerBase.OnWriteStream: processId:236, streamId:1, streamType:2a4f0f81-6809-4480-87ce-0d772568cfb6, bufferSize:104
2025-02-11 19:44:18.661 -05:00 [VRB] LoggerBase.OnWriteStream: processId:236, streamId:1, streamType:2a4f0f81-6809-4480-87ce-0d772568cfb6, bufferSize:92
2025-02-11 19:44:18.661 -05:00 [VRB] LoggerBase.OnWriteStream: processId:236, streamId:1, streamType:2a4f0f81-6809-4480-87ce-0d772568cfb6, bufferSize:52
2025-02-11 19:44:18.661 -05:00 [VRB] LoggerBase.OnWriteStream: processId:236, streamId:1, streamType:2a4f0f81-6809-4480-87ce-0d772568cfb6, bufferSize:74
2025-02-11 19:44:18.661 -05:00 [VRB] LoggerBase.OnWriteStream: processId:236, streamId:1, streamType:2a4f0f81-6809-4480-87ce-0d772568cfb6, bufferSize:60
2025-02-11 19:44:18.661 -05:00 [VRB] LoggerBase.OnWriteStream: processId:236, streamId:1, streamType:2a4f0f81-6809-4480-87ce-0d772568cfb6, bufferSize:322
2025-02-11 19:44:18.661 -05:00 [VRB] LoggerBase.OnWriteStream: processId:236, streamId:1, streamType:2a4f0f81-6809-4480-87ce-0d772568cfb6, bufferSize:242
2025-02-11 19:44:18.661 -05:00 [VRB] LoggerBase.OnWriteStream: processId:236, streamId:1, streamType:2a4f0f81-6809-4480-87ce-0d772568cfb6, bufferSize:110
2025-02-11 19:44:18.661 -05:00 [VRB] LoggerBase.OnWriteStream: processId:236, streamId:1, streamType:2a4f0f81-6809-4480-87ce-0d772568cfb6, bufferSize:48
2025-02-11 19:44:18.661 -05:00 [VRB] LoggerBase.OnWriteStream: processId:236, streamId:1, streamType:2a4f0f81-6809-4480-87ce-0d772568cfb6, bufferSize:48
2025-02-11 19:44:18.661 -05:00 [VRB] LoggerBase.OnWriteStream: processId:236, streamId:1, streamType:2a4f0f81-6809-4480-87ce-0d772568cfb6, bufferSize:48
2025-02-11 19:44:18.661 -05:00 [VRB] LoggerBase.OnWriteStream: processId:236, streamId:1, streamType:2a4f0f81-6809-4480-87ce-0d772568cfb6, bufferSize:62
2025-02-11 19:44:18.661 -05:00 [VRB] LoggerBase.OnWriteStream: processId:236, streamId:1, streamType:2a4f0f81-6809-4480-87ce-0d772568cfb6, bufferSize:198
2025-02-11 19:44:18.661 -05:00 [VRB] LoggerBase.OnWriteStream: processId:236, streamId:1, streamType:2a4f0f81-6809-4480-87ce-0d772568cfb6, bufferSize:68
2025-02-11 19:44:18.661 -05:00 [VRB] LoggerBase.OnWriteStream: processId:236, streamId:1, streamType:2a4f0f81-6809-4480-87ce-0d772568cfb6, bufferSize:90
2025-02-11 19:44:18.661 -05:00 [VRB] LoggerBase.OnWriteStream: processId:236, streamId:1, streamType:2a4f0f81-6809-4480-87ce-0d772568cfb6, bufferSize:142
2025-02-11 19:44:18.661 -05:00 [VRB] LoggerBase.OnWriteStream: processId:236, streamId:1, streamType:2a4f0f81-6809-4480-87ce-0d772568cfb6, bufferSize:110
2025-02-11 19:44:18.661 -05:00 [VRB] LoggerBase.OnWriteStream: processId:236, streamId:1, streamType:2a4f0f81-6809-4480-87ce-0d772568cfb6, bufferSize:204
2025-02-11 19:44:18.661 -05:00 [VRB] LoggerBase.OnWriteStream: processId:236, streamId:1, streamType:2a4f0f81-6809-4480-87ce-0d772568cfb6, bufferSize:82
2025-02-11 19:44:18.661 -05:00 [VRB] LoggerBase.OnWriteStream: processId:236, streamId:1, streamType:2a4f0f81-6809-4480-87ce-0d772568cfb6, bufferSize:58
2025-02-11 19:44:18.661 -05:00 [VRB] LoggerBase.OnWriteStream: processId:236, streamId:1, streamType:2a4f0f81-6809-4480-87ce-0d772568cfb6, bufferSize:60
2025-02-11 19:44:18.661 -05:00 [VRB] LoggerBase.OnWriteStream: processId:236, streamId:1, streamType:2a4f0f81-6809-4480-87ce-0d772568cfb6, bufferSize:66
2025-02-11 19:44:18.661 -05:00 [VRB] LoggerBase.OnWriteStream: processId:236, streamId:1, streamType:2a4f0f81-6809-4480-87ce-0d772568cfb6, bufferSize:56
2025-02-11 19:44:18.661 -05:00 [VRB] LoggerBase.OnWriteStream: processId:236, streamId:1, streamType:2a4f0f81-6809-4480-87ce-0d772568cfb6, bufferSize:116
2025-02-11 19:44:18.661 -05:00 [VRB] LoggerBase.OnWriteStream: processId:236, streamId:1, streamType:2a4f0f81-6809-4480-87ce-0d772568cfb6, bufferSize:58
2025-02-11 19:44:18.661 -05:00 [VRB] LoggerBase.OnWriteStream: processId:236, streamId:1, streamType:2a4f0f81-6809-4480-87ce-0d772568cfb6, bufferSize:84
2025-02-11 19:44:18.661 -05:00 [VRB] LoggerBase.OnWriteStream: processId:236, streamId:1, streamType:2a4f0f81-6809-4480-87ce-0d772568cfb6, bufferSize:88
2025-02-11 19:44:18.661 -05:00 [VRB] LoggerBase.OnWriteStream: processId:236, streamId:1, streamType:2a4f0f81-6809-4480-87ce-0d772568cfb6, bufferSize:76
2025-02-11 19:44:18.661 -05:00 [VRB] LoggerBase.OnWriteStream: processId:236, streamId:1, streamType:2a4f0f81-6809-4480-87ce-0d772568cfb6, bufferSize:336
2025-02-11 19:44:18.661 -05:00 [VRB] LoggerBase.OnWriteStream: processId:236, streamId:1, streamType:2a4f0f81-6809-4480-87ce-0d772568cfb6, bufferSize:188
2025-02-11 19:44:18.661 -05:00 [VRB] LoggerBase.OnWriteStream: processId:236, streamId:1, streamType:2a4f0f81-6809-4480-87ce-0d772568cfb6, bufferSize:150
2025-02-11 19:44:18.661 -05:00 [VRB] LoggerBase.OnWriteStream: processId:236, streamId:1, streamType:2a4f0f81-6809-4480-87ce-0d772568cfb6, bufferSize:84
2025-02-11 19:44:18.661 -05:00 [VRB] LoggerBase.OnWriteStream: processId:236, streamId:1, streamType:2a4f0f81-6809-4480-87ce-0d772568cfb6, bufferSize:84
2025-02-11 19:44:18.661 -05:00 [VRB] LoggerBase.OnWriteStream: processId:236, streamId:1, streamType:2a4f0f81-6809-4480-87ce-0d772568cfb6, bufferSize:76
2025-02-11 19:44:18.661 -05:00 [VRB] LoggerBase.OnWriteStream: processId:236, streamId:1, streamType:2a4f0f81-6809-4480-87ce-0d772568cfb6, bufferSize:1528
2025-02-11 19:44:18.661 -05:00 [VRB] LoggerBase.OnWriteStream: processId:236, streamId:1, streamType:2a4f0f81-6809-4480-87ce-0d772568cfb6, bufferSize:58
2025-02-11 19:44:18.661 -05:00 [VRB] LoggerBase.OnWriteStream: processId:236, streamId:1, streamType:2a4f0f81-6809-4480-87ce-0d772568cfb6, bufferSize:206
2025-02-11 19:44:18.661 -05:00 [VRB] LoggerBase.OnWriteStream: processId:236, streamId:1, streamType:2a4f0f81-6809-4480-87ce-0d772568cfb6, bufferSize:62
2025-02-11 19:44:18.661 -05:00 [VRB] LoggerBase.OnWriteStream: processId:236, streamId:1, streamType:2a4f0f81-6809-4480-87ce-0d772568cfb6, bufferSize:410
2025-02-11 19:44:18.661 -05:00 [VRB] LoggerBase.OnWriteStream: processId:236, streamId:1, streamType:2a4f0f81-6809-4480-87ce-0d772568cfb6, bufferSize:1086
2025-02-11 19:44:18.661 -05:00 [VRB] LoggerBase.OnWriteStream: processId:236, streamId:1, streamType:2a4f0f81-6809-4480-87ce-0d772568cfb6, bufferSize:220
2025-02-11 19:44:18.661 -05:00 [VRB] LoggerBase.OnWriteStream: processId:236, streamId:1, streamType:2a4f0f81-6809-4480-87ce-0d772568cfb6, bufferSize:44
2025-02-11 19:44:18.661 -05:00 [VRB] LoggerBase.OnWriteStream: processId:236, streamId:1, streamType:2a4f0f81-6809-4480-87ce-0d772568cfb6, bufferSize:606
2025-02-11 19:44:18.661 -05:00 [VRB] LoggerBase.OnWriteStream: processId:236, streamId:1, streamType:2a4f0f81-6809-4480-87ce-0d772568cfb6, bufferSize:76
2025-02-11 19:44:18.661 -05:00 [VRB] LoggerBase.OnWriteStream: processId:236, streamId:1, streamType:2a4f0f81-6809-4480-87ce-0d772568cfb6, bufferSize:48
2025-02-11 19:44:18.661 -05:00 [VRB] LoggerBase.OnWriteStream: processId:236, streamId:1, streamType:2a4f0f81-6809-4480-87ce-0d772568cfb6, bufferSize:68
2025-02-11 19:44:18.661 -05:00 [VRB] LoggerBase.OnWriteStream: processId:236, streamId:1, streamType:2a4f0f81-6809-4480-87ce-0d772568cfb6, bufferSize:414
2025-02-11 19:44:18.661 -05:00 [VRB] LoggerBase.OnWriteStream: processId:236, streamId:1, streamType:2a4f0f81-6809-4480-87ce-0d772568cfb6, bufferSize:86
2025-02-11 19:44:18.661 -05:00 [VRB] LoggerBase.OnWriteStream: processId:236, streamId:1, streamType:2a4f0f81-6809-4480-87ce-0d772568cfb6, bufferSize:124
2025-02-11 19:44:18.661 -05:00 [VRB] LoggerBase.OnWriteStream: processId:236, streamId:1, streamType:2a4f0f81-6809-4480-87ce-0d772568cfb6, bufferSize:98
2025-02-11 19:44:18.661 -05:00 [VRB] LoggerBase.OnWriteStream: processId:236, streamId:1, streamType:2a4f0f81-6809-4480-87ce-0d772568cfb6, bufferSize:230
2025-02-11 19:44:18.661 -05:00 [VRB] LoggerBase.OnWriteStream: processId:236, streamId:1, streamType:2a4f0f81-6809-4480-87ce-0d772568cfb6, bufferSize:78
2025-02-11 19:44:18.661 -05:00 [VRB] LoggerBase.OnWriteStream: processId:236, streamId:1, streamType:2a4f0f81-6809-4480-87ce-0d772568cfb6, bufferSize:62
2025-02-11 19:44:18.661 -05:00 [VRB] LoggerBase.OnWriteStream: processId:236, streamId:1, streamType:2a4f0f81-6809-4480-87ce-0d772568cfb6, bufferSize:70
2025-02-11 19:44:18.661 -05:00 [VRB] LoggerBase.OnWriteStream: processId:236, streamId:1, streamType:2a4f0f81-6809-4480-87ce-0d772568cfb6, bufferSize:64
2025-02-11 19:44:18.661 -05:00 [VRB] LoggerBase.OnWriteStream: processId:236, streamId:1, streamType:2a4f0f81-6809-4480-87ce-0d772568cfb6, bufferSize:74
2025-02-11 19:44:18.661 -05:00 [VRB] LoggerBase.OnWriteStream: processId:236, streamId:1, streamType:2a4f0f81-6809-4480-87ce-0d772568cfb6, bufferSize:746
2025-02-11 19:44:18.676 -05:00 [VRB] LoggerBase.OnWriteStream: processId:236, streamId:1, streamType:2a4f0f81-6809-4480-87ce-0d772568cfb6, bufferSize:222
2025-02-11 19:44:18.676 -05:00 [VRB] LoggerBase.OnWriteStream: processId:236, streamId:1, streamType:2a4f0f81-6809-4480-87ce-0d772568cfb6, bufferSize:222
2025-02-11 19:44:18.676 -05:00 [VRB] LoggerBase.OnWriteStream: processId:236, streamId:1, streamType:2a4f0f81-6809-4480-87ce-0d772568cfb6, bufferSize:92
2025-02-11 19:44:18.676 -05:00 [VRB] LoggerBase.OnWriteStream: processId:236, streamId:1, streamType:2a4f0f81-6809-4480-87ce-0d772568cfb6, bufferSize:34
2025-02-11 19:44:18.676 -05:00 [VRB] LoggerBase.OnWriteStream: processId:236, streamId:1, streamType:2a4f0f81-6809-4480-87ce-0d772568cfb6, bufferSize:114
2025-02-11 19:44:18.676 -05:00 [VRB] LoggerBase.OnWriteStream: processId:236, streamId:1, streamType:2a4f0f81-6809-4480-87ce-0d772568cfb6, bufferSize:42
2025-02-11 19:44:18.676 -05:00 [VRB] LoggerBase.OnWriteStream: processId:236, streamId:1, streamType:2a4f0f81-6809-4480-87ce-0d772568cfb6, bufferSize:90
2025-02-11 19:44:18.676 -05:00 [VRB] LoggerBase.OnWriteStream: processId:236, streamId:1, streamType:2a4f0f81-6809-4480-87ce-0d772568cfb6, bufferSize:168
2025-02-11 19:44:18.676 -05:00 [VRB] LoggerBase.OnWriteStream: processId:236, streamId:1, streamType:2a4f0f81-6809-4480-87ce-0d772568cfb6, bufferSize:100
2025-02-11 19:44:18.676 -05:00 [VRB] LoggerBase.OnWriteStream: processId:236, streamId:1, streamType:2a4f0f81-6809-4480-87ce-0d772568cfb6, bufferSize:74
2025-02-11 19:44:18.676 -05:00 [VRB] LoggerBase.OnWriteStream: processId:236, streamId:1, streamType:2a4f0f81-6809-4480-87ce-0d772568cfb6, bufferSize:70
2025-02-11 19:44:18.676 -05:00 [VRB] LoggerBase.OnWriteStream: processId:236, streamId:1, streamType:2a4f0f81-6809-4480-87ce-0d772568cfb6, bufferSize:36
2025-02-11 19:44:18.676 -05:00 [VRB] LoggerBase.OnWriteStream: processId:236, streamId:1, streamType:2a4f0f81-6809-4480-87ce-0d772568cfb6, bufferSize:600
2025-02-11 19:44:18.676 -05:00 [VRB] LoggerBase.OnWriteStream: processId:236, streamId:1, streamType:2a4f0f81-6809-4480-87ce-0d772568cfb6, bufferSize:222
2025-02-11 19:44:18.676 -05:00 [VRB] LoggerBase.OnWriteStream: processId:236, streamId:1, streamType:2a4f0f81-6809-4480-87ce-0d772568cfb6, bufferSize:82
2025-02-11 19:44:18.676 -05:00 [VRB] LoggerBase.OnWriteStream: processId:236, streamId:1, streamType:2a4f0f81-6809-4480-87ce-0d772568cfb6, bufferSize:178
2025-02-11 19:44:18.676 -05:00 [VRB] LoggerBase.OnWriteStream: processId:236, streamId:1, streamType:2a4f0f81-6809-4480-87ce-0d772568cfb6, bufferSize:38
2025-02-11 19:44:18.676 -05:00 [VRB] LoggerBase.OnWriteStream: processId:236, streamId:1, streamType:2a4f0f81-6809-4480-87ce-0d772568cfb6, bufferSize:190
2025-02-11 19:44:18.676 -05:00 [VRB] LoggerBase.OnWriteStream: processId:236, streamId:1, streamType:2a4f0f81-6809-4480-87ce-0d772568cfb6, bufferSize:84
2025-02-11 19:44:18.676 -05:00 [VRB] LoggerBase.OnWriteStream: processId:236, streamId:1, streamType:2a4f0f81-6809-4480-87ce-0d772568cfb6, bufferSize:70
2025-02-11 19:44:18.676 -05:00 [VRB] LoggerBase.OnWriteStream: processId:236, streamId:1, streamType:2a4f0f81-6809-4480-87ce-0d772568cfb6, bufferSize:38
2025-02-11 19:44:18.676 -05:00 [VRB] LoggerBase.OnWriteStream: processId:236, streamId:1, streamType:2a4f0f81-6809-4480-87ce-0d772568cfb6, bufferSize:82
2025-02-11 19:44:18.676 -05:00 [VRB] LoggerBase.OnWriteStream: processId:236, streamId:1, streamType:2a4f0f81-6809-4480-87ce-0d772568cfb6, bufferSize:72
2025-02-11 19:44:18.676 -05:00 [VRB] LoggerBase.OnWriteStream: processId:236, streamId:1, streamType:2a4f0f81-6809-4480-87ce-0d772568cfb6, bufferSize:82
2025-02-11 19:44:18.676 -05:00 [VRB] LoggerBase.OnWriteStream: processId:236, streamId:1, streamType:2a4f0f81-6809-4480-87ce-0d772568cfb6, bufferSize:54
2025-02-11 19:44:18.676 -05:00 [VRB] LoggerBase.OnWriteStream: processId:236, streamId:1, streamType:2a4f0f81-6809-4480-87ce-0d772568cfb6, bufferSize:54
2025-02-11 19:44:18.676 -05:00 [VRB] LoggerBase.OnWriteStream: processId:236, streamId:1, streamType:2a4f0f81-6809-4480-87ce-0d772568cfb6, bufferSize:54
2025-02-11 19:44:18.676 -05:00 [VRB] LoggerBase.OnWriteStream: processId:236, streamId:1, streamType:2a4f0f81-6809-4480-87ce-0d772568cfb6, bufferSize:54
2025-02-11 19:44:18.676 -05:00 [VRB] LoggerBase.OnWriteStream: processId:236, streamId:1, streamType:2a4f0f81-6809-4480-87ce-0d772568cfb6, bufferSize:148
2025-02-11 19:44:18.676 -05:00 [VRB] LoggerBase.OnWriteStream: processId:236, streamId:1, streamType:2a4f0f81-6809-4480-87ce-0d772568cfb6, bufferSize:98
2025-02-11 19:44:18.676 -05:00 [VRB] LoggerBase.OnWriteStream: processId:236, streamId:1, streamType:2a4f0f81-6809-4480-87ce-0d772568cfb6, bufferSize:140
2025-02-11 19:44:18.676 -05:00 [VRB] LoggerBase.OnWriteStream: processId:236, streamId:1, streamType:2a4f0f81-6809-4480-87ce-0d772568cfb6, bufferSize:50
2025-02-11 19:44:18.676 -05:00 [VRB] LoggerBase.OnWriteStream: processId:236, streamId:1, streamType:2a4f0f81-6809-4480-87ce-0d772568cfb6, bufferSize:52
2025-02-11 19:44:18.676 -05:00 [VRB] LoggerBase.OnWriteStream: processId:236, streamId:1, streamType:2a4f0f81-6809-4480-87ce-0d772568cfb6, bufferSize:94
2025-02-11 19:44:18.676 -05:00 [VRB] LoggerBase.OnWriteStream: processId:236, streamId:1, streamType:2a4f0f81-6809-4480-87ce-0d772568cfb6, bufferSize:70
2025-02-11 19:44:18.676 -05:00 [VRB] LoggerBase.OnWriteStream: processId:236, streamId:1, streamType:2a4f0f81-6809-4480-87ce-0d772568cfb6, bufferSize:58
2025-02-11 19:44:18.676 -05:00 [VRB] LoggerBase.OnWriteStream: processId:236, streamId:1, streamType:2a4f0f81-6809-4480-87ce-0d772568cfb6, bufferSize:58
2025-02-11 19:44:18.676 -05:00 [VRB] LoggerBase.OnWriteStream: processId:236, streamId:1, streamType:2a4f0f81-6809-4480-87ce-0d772568cfb6, bufferSize:58
2025-02-11 19:44:18.676 -05:00 [VRB] LoggerBase.OnWriteStream: processId:236, streamId:1, streamType:2a4f0f81-6809-4480-87ce-0d772568cfb6, bufferSize:1338
2025-02-11 19:44:18.676 -05:00 [VRB] LoggerBase.OnWriteStream: processId:236, streamId:1, streamType:2a4f0f81-6809-4480-87ce-0d772568cfb6, bufferSize:60
2025-02-11 19:44:18.676 -05:00 [VRB] LoggerBase.OnWriteStream: processId:236, streamId:1, streamType:2a4f0f81-6809-4480-87ce-0d772568cfb6, bufferSize:54
2025-02-11 19:44:18.676 -05:00 [VRB] LoggerBase.OnWriteStream: processId:236, streamId:1, streamType:2a4f0f81-6809-4480-87ce-0d772568cfb6, bufferSize:240
2025-02-11 19:44:18.676 -05:00 [VRB] LoggerBase.OnWriteStream: processId:236, streamId:1, streamType:2a4f0f81-6809-4480-87ce-0d772568cfb6, bufferSize:54
2025-02-11 19:44:18.676 -05:00 [VRB] LoggerBase.OnWriteStream: processId:236, streamId:1, streamType:2a4f0f81-6809-4480-87ce-0d772568cfb6, bufferSize:48
2025-02-11 19:44:18.676 -05:00 [VRB] LoggerBase.OnWriteStream: processId:236, streamId:1, streamType:2a4f0f81-6809-4480-87ce-0d772568cfb6, bufferSize:44
2025-02-11 19:44:18.676 -05:00 [VRB] LoggerBase.OnWriteStream: processId:236, streamId:1, streamType:2a4f0f81-6809-4480-87ce-0d772568cfb6, bufferSize:84
2025-02-11 19:44:18.676 -05:00 [VRB] LoggerBase.OnWriteStream: processId:236, streamId:1, streamType:2a4f0f81-6809-4480-87ce-0d772568cfb6, bufferSize:72
2025-02-11 19:44:18.676 -05:00 [VRB] LoggerBase.OnWriteStream: processId:236, streamId:1, streamType:2a4f0f81-6809-4480-87ce-0d772568cfb6, bufferSize:82
2025-02-11 19:44:18.676 -05:00 [VRB] LoggerBase.OnWriteStream: processId:236, streamId:1, streamType:2a4f0f81-6809-4480-87ce-0d772568cfb6, bufferSize:92
2025-02-11 19:44:18.676 -05:00 [VRB] LoggerBase.OnWriteStream: processId:236, streamId:1, streamType:2a4f0f81-6809-4480-87ce-0d772568cfb6, bufferSize:50
2025-02-11 19:44:18.676 -05:00 [VRB] LoggerBase.OnWriteStream: processId:236, streamId:1, streamType:2a4f0f81-6809-4480-87ce-0d772568cfb6, bufferSize:74
2025-02-11 19:44:18.676 -05:00 [VRB] LoggerBase.OnWriteStream: processId:236, streamId:1, streamType:2a4f0f81-6809-4480-87ce-0d772568cfb6, bufferSize:110
2025-02-11 19:44:18.676 -05:00 [VRB] LoggerBase.OnWriteStream: processId:236, streamId:1, streamType:2a4f0f81-6809-4480-87ce-0d772568cfb6, bufferSize:84
2025-02-11 19:44:18.676 -05:00 [VRB] LoggerBase.OnWriteStream: processId:236, streamId:1, streamType:2a4f0f81-6809-4480-87ce-0d772568cfb6, bufferSize:86
2025-02-11 19:44:18.676 -05:00 [VRB] LoggerBase.OnWriteStream: processId:236, streamId:1, streamType:2a4f0f81-6809-4480-87ce-0d772568cfb6, bufferSize:118
2025-02-11 19:44:18.676 -05:00 [VRB] LoggerBase.OnWriteStream: processId:236, streamId:1, streamType:2a4f0f81-6809-4480-87ce-0d772568cfb6, bufferSize:90
2025-02-11 19:44:18.676 -05:00 [VRB] LoggerBase.OnWriteStream: processId:236, streamId:1, streamType:2a4f0f81-6809-4480-87ce-0d772568cfb6, bufferSize:104
2025-02-11 19:44:18.676 -05:00 [VRB] LoggerBase.OnWriteStream: processId:236, streamId:1, streamType:2a4f0f81-6809-4480-87ce-0d772568cfb6, bufferSize:42
2025-02-11 19:44:18.676 -05:00 [VRB] LoggerBase.OnWriteStream: processId:236, streamId:1, streamType:2a4f0f81-6809-4480-87ce-0d772568cfb6, bufferSize:80
2025-02-11 19:44:18.676 -05:00 [VRB] LoggerBase.OnWriteStream: processId:236, streamId:1, streamType:2a4f0f81-6809-4480-87ce-0d772568cfb6, bufferSize:64
2025-02-11 19:44:18.676 -05:00 [VRB] LoggerBase.OnWriteStream: processId:236, streamId:1, streamType:2a4f0f81-6809-4480-87ce-0d772568cfb6, bufferSize:66
2025-02-11 19:44:18.676 -05:00 [VRB] LoggerBase.OnWriteStream: processId:236, streamId:1, streamType:2a4f0f81-6809-4480-87ce-0d772568cfb6, bufferSize:68
2025-02-11 19:44:18.676 -05:00 [VRB] LoggerBase.OnWriteStream: processId:236, streamId:1, streamType:2a4f0f81-6809-4480-87ce-0d772568cfb6, bufferSize:92
2025-02-11 19:44:18.676 -05:00 [VRB] LoggerBase.OnWriteStream: processId:236, streamId:1, streamType:2a4f0f81-6809-4480-87ce-0d772568cfb6, bufferSize:394
2025-02-11 19:44:18.676 -05:00 [VRB] LoggerBase.OnWriteStream: processId:236, streamId:1, streamType:2a4f0f81-6809-4480-87ce-0d772568cfb6, bufferSize:578
2025-02-11 19:44:18.676 -05:00 [VRB] LoggerBase.OnWriteStream: processId:236, streamId:1, streamType:2a4f0f81-6809-4480-87ce-0d772568cfb6, bufferSize:450
2025-02-11 19:44:18.676 -05:00 [VRB] LoggerBase.OnWriteStream: processId:236, streamId:1, streamType:2a4f0f81-6809-4480-87ce-0d772568cfb6, bufferSize:126
2025-02-11 19:44:18.676 -05:00 [VRB] LoggerBase.OnWriteStream: processId:236, streamId:1, streamType:2a4f0f81-6809-4480-87ce-0d772568cfb6, bufferSize:228
2025-02-11 19:44:18.676 -05:00 [VRB] LoggerBase.OnWriteStream: processId:236, streamId:1, streamType:2a4f0f81-6809-4480-87ce-0d772568cfb6, bufferSize:126
2025-02-11 19:44:18.676 -05:00 [VRB] LoggerBase.OnWriteStream: processId:236, streamId:1, streamType:2a4f0f81-6809-4480-87ce-0d772568cfb6, bufferSize:100
2025-02-11 19:44:18.676 -05:00 [VRB] LoggerBase.OnWriteStream: processId:236, streamId:1, streamType:2a4f0f81-6809-4480-87ce-0d772568cfb6, bufferSize:68
2025-02-11 19:44:18.676 -05:00 [VRB] LoggerBase.OnWriteStream: processId:236, streamId:1, streamType:2a4f0f81-6809-4480-87ce-0d772568cfb6, bufferSize:98
2025-02-11 19:44:18.676 -05:00 [VRB] LoggerBase.OnWriteStream: processId:236, streamId:1, streamType:2a4f0f81-6809-4480-87ce-0d772568cfb6, bufferSize:70
2025-02-11 19:44:18.676 -05:00 [VRB] LoggerBase.OnWriteStream: processId:236, streamId:1, streamType:2a4f0f81-6809-4480-87ce-0d772568cfb6, bufferSize:114
2025-02-11 19:44:18.676 -05:00 [VRB] LoggerBase.OnWriteStream: processId:236, streamId:1, streamType:2a4f0f81-6809-4480-87ce-0d772568cfb6, bufferSize:110
2025-02-11 19:44:18.676 -05:00 [VRB] LoggerBase.OnWriteStream: processId:236, streamId:1, streamType:2a4f0f81-6809-4480-87ce-0d772568cfb6, bufferSize:60
2025-02-11 19:44:18.676 -05:00 [VRB] LoggerBase.OnWriteStream: processId:236, streamId:1, streamType:2a4f0f81-6809-4480-87ce-0d772568cfb6, bufferSize:198
2025-02-11 19:44:18.676 -05:00 [VRB] LoggerBase.OnWriteStream: processId:236, streamId:1, streamType:2a4f0f81-6809-4480-87ce-0d772568cfb6, bufferSize:40
2025-02-11 19:44:18.676 -05:00 [VRB] LoggerBase.OnWriteStream: processId:236, streamId:1, streamType:2a4f0f81-6809-4480-87ce-0d772568cfb6, bufferSize:90
2025-02-11 19:44:18.676 -05:00 [VRB] LoggerBase.OnWriteStream: processId:236, streamId:1, streamType:2a4f0f81-6809-4480-87ce-0d772568cfb6, bufferSize:240
2025-02-11 19:44:18.676 -05:00 [VRB] LoggerBase.OnWriteStream: processId:236, streamId:1, streamType:2a4f0f81-6809-4480-87ce-0d772568cfb6, bufferSize:96
2025-02-11 19:44:18.676 -05:00 [VRB] LoggerBase.OnWriteStream: processId:236, streamId:1, streamType:2a4f0f81-6809-4480-87ce-0d772568cfb6, bufferSize:454
2025-02-11 19:44:18.676 -05:00 [VRB] LoggerBase.OnWriteStream: processId:236, streamId:1, streamType:2a4f0f81-6809-4480-87ce-0d772568cfb6, bufferSize:288
2025-02-11 19:44:18.676 -05:00 [VRB] LoggerBase.OnWriteStream: processId:236, streamId:1, streamType:2a4f0f81-6809-4480-87ce-0d772568cfb6, bufferSize:96
2025-02-11 19:44:18.676 -05:00 [VRB] LoggerBase.OnWriteStream: processId:236, streamId:1, streamType:2a4f0f81-6809-4480-87ce-0d772568cfb6, bufferSize:418
2025-02-11 19:44:18.676 -05:00 [VRB] LoggerBase.OnWriteStream: processId:236, streamId:1, streamType:2a4f0f81-6809-4480-87ce-0d772568cfb6, bufferSize:116
2025-02-11 19:44:18.676 -05:00 [VRB] LoggerBase.OnWriteStream: processId:236, streamId:1, streamType:2a4f0f81-6809-4480-87ce-0d772568cfb6, bufferSize:54
2025-02-11 19:44:18.676 -05:00 [VRB] LoggerBase.OnWriteStream: processId:236, streamId:1, streamType:2a4f0f81-6809-4480-87ce-0d772568cfb6, bufferSize:132
2025-02-11 19:44:18.676 -05:00 [VRB] LoggerBase.OnWriteStream: processId:236, streamId:1, streamType:2a4f0f81-6809-4480-87ce-0d772568cfb6, bufferSize:64
2025-02-11 19:44:18.676 -05:00 [VRB] LoggerBase.OnWriteStream: processId:236, streamId:1, streamType:2a4f0f81-6809-4480-87ce-0d772568cfb6, bufferSize:122
2025-02-11 19:44:18.676 -05:00 [VRB] LoggerBase.OnWriteStream: processId:236, streamId:1, streamType:2a4f0f81-6809-4480-87ce-0d772568cfb6, bufferSize:96
2025-02-11 19:44:18.676 -05:00 [VRB] LoggerBase.OnWriteStream: processId:236, streamId:1, streamType:2a4f0f81-6809-4480-87ce-0d772568cfb6, bufferSize:634
2025-02-11 19:44:18.676 -05:00 [VRB] LoggerBase.OnWriteStream: processId:236, streamId:1, streamType:2a4f0f81-6809-4480-87ce-0d772568cfb6, bufferSize:114
2025-02-11 19:44:18.676 -05:00 [VRB] LoggerBase.OnWriteStream: processId:236, streamId:1, streamType:2a4f0f81-6809-4480-87ce-0d772568cfb6, bufferSize:58
2025-02-11 19:44:18.676 -05:00 [VRB] LoggerBase.OnWriteStream: processId:236, streamId:1, streamType:2a4f0f81-6809-4480-87ce-0d772568cfb6, bufferSize:250
2025-02-11 19:44:18.676 -05:00 [VRB] LoggerBase.OnWriteStream: processId:236, streamId:1, streamType:2a4f0f81-6809-4480-87ce-0d772568cfb6, bufferSize:356
2025-02-11 19:44:18.676 -05:00 [VRB] LoggerBase.OnWriteStream: processId:236, streamId:1, streamType:2a4f0f81-6809-4480-87ce-0d772568cfb6, bufferSize:116
2025-02-11 19:44:18.676 -05:00 [VRB] LoggerBase.OnWriteStream: processId:236, streamId:1, streamType:2a4f0f81-6809-4480-87ce-0d772568cfb6, bufferSize:124
2025-02-11 19:44:18.676 -05:00 [VRB] LoggerBase.OnWriteStream: processId:236, streamId:1, streamType:2a4f0f81-6809-4480-87ce-0d772568cfb6, bufferSize:62
2025-02-11 19:44:18.676 -05:00 [VRB] LoggerBase.OnWriteStream: processId:236, streamId:1, streamType:2a4f0f81-6809-4480-87ce-0d772568cfb6, bufferSize:198
2025-02-11 19:44:18.676 -05:00 [VRB] LoggerBase.OnWriteStream: processId:236, streamId:1, streamType:2a4f0f81-6809-4480-87ce-0d772568cfb6, bufferSize:78
2025-02-11 19:44:18.676 -05:00 [VRB] LoggerBase.OnWriteStream: processId:236, streamId:1, streamType:2a4f0f81-6809-4480-87ce-0d772568cfb6, bufferSize:96
2025-02-11 19:44:18.676 -05:00 [VRB] LoggerBase.OnWriteStream: processId:236, streamId:1, streamType:2a4f0f81-6809-4480-87ce-0d772568cfb6, bufferSize:588
2025-02-11 19:44:18.676 -05:00 [VRB] LoggerBase.OnWriteStream: processId:236, streamId:1, streamType:2a4f0f81-6809-4480-87ce-0d772568cfb6, bufferSize:168
2025-02-11 19:44:18.676 -05:00 [VRB] LoggerBase.OnWriteStream: processId:236, streamId:1, streamType:2a4f0f81-6809-4480-87ce-0d772568cfb6, bufferSize:68
2025-02-11 19:44:18.676 -05:00 [VRB] LoggerBase.OnWriteStream: processId:236, streamId:1, streamType:2a4f0f81-6809-4480-87ce-0d772568cfb6, bufferSize:44
2025-02-11 19:44:18.676 -05:00 [VRB] LoggerBase.OnWriteStream: processId:236, streamId:1, streamType:2a4f0f81-6809-4480-87ce-0d772568cfb6, bufferSize:92
2025-02-11 19:44:18.676 -05:00 [VRB] LoggerBase.OnWriteStream: processId:236, streamId:1, streamType:2a4f0f81-6809-4480-87ce-0d772568cfb6, bufferSize:92
2025-02-11 19:44:18.676 -05:00 [VRB] LoggerBase.OnWriteStream: processId:236, streamId:1, streamType:2a4f0f81-6809-4480-87ce-0d772568cfb6, bufferSize:322
2025-02-11 19:44:18.676 -05:00 [VRB] LoggerBase.OnWriteStream: processId:236, streamId:1, streamType:2a4f0f81-6809-4480-87ce-0d772568cfb6, bufferSize:74
2025-02-11 19:44:18.676 -05:00 [VRB] LoggerBase.OnWriteStream: processId:236, streamId:1, streamType:2a4f0f81-6809-4480-87ce-0d772568cfb6, bufferSize:92
2025-02-11 19:44:18.676 -05:00 [VRB] LoggerBase.OnWriteStream: processId:236, streamId:1, streamType:2a4f0f81-6809-4480-87ce-0d772568cfb6, bufferSize:398
2025-02-11 19:44:18.676 -05:00 [VRB] LoggerBase.OnWriteStream: processId:236, streamId:1, streamType:2a4f0f81-6809-4480-87ce-0d772568cfb6, bufferSize:50
2025-02-11 19:44:18.676 -05:00 [VRB] LoggerBase.OnWriteStream: processId:236, streamId:1, streamType:2a4f0f81-6809-4480-87ce-0d772568cfb6, bufferSize:54
2025-02-11 19:44:18.676 -05:00 [VRB] LoggerBase.OnWriteStream: processId:236, streamId:1, streamType:2a4f0f81-6809-4480-87ce-0d772568cfb6, bufferSize:64
2025-02-11 19:44:18.676 -05:00 [VRB] LoggerBase.OnWriteStream: processId:236, streamId:1, streamType:2a4f0f81-6809-4480-87ce-0d772568cfb6, bufferSize:890
2025-02-11 19:44:18.676 -05:00 [VRB] LoggerBase.OnWriteStream: processId:236, streamId:1, streamType:2a4f0f81-6809-4480-87ce-0d772568cfb6, bufferSize:64
2025-02-11 19:44:18.676 -05:00 [VRB] LoggerBase.OnWriteStream: processId:236, streamId:1, streamType:2a4f0f81-6809-4480-87ce-0d772568cfb6, bufferSize:82
2025-02-11 19:44:18.676 -05:00 [VRB] LoggerBase.OnWriteStream: processId:236, streamId:1, streamType:2a4f0f81-6809-4480-87ce-0d772568cfb6, bufferSize:108
2025-02-11 19:44:18.676 -05:00 [VRB] LoggerBase.OnWriteStream: processId:236, streamId:1, streamType:2a4f0f81-6809-4480-87ce-0d772568cfb6, bufferSize:108
2025-02-11 19:44:18.676 -05:00 [VRB] LoggerBase.OnWriteStream: processId:236, streamId:1, streamType:2a4f0f81-6809-4480-87ce-0d772568cfb6, bufferSize:222
2025-02-11 19:44:18.676 -05:00 [VRB] LoggerBase.OnWriteStream: processId:236, streamId:1, streamType:2a4f0f81-6809-4480-87ce-0d772568cfb6, bufferSize:118
2025-02-11 19:44:18.676 -05:00 [VRB] LoggerBase.OnWriteStream: processId:236, streamId:1, streamType:2a4f0f81-6809-4480-87ce-0d772568cfb6, bufferSize:90
2025-02-11 19:44:18.676 -05:00 [VRB] LoggerBase.OnWriteStream: processId:236, streamId:1, streamType:2a4f0f81-6809-4480-87ce-0d772568cfb6, bufferSize:636
2025-02-11 19:44:18.676 -05:00 [VRB] LoggerBase.OnWriteStream: processId:236, streamId:1, streamType:2a4f0f81-6809-4480-87ce-0d772568cfb6, bufferSize:74
2025-02-11 19:44:18.692 -05:00 [VRB] LoggerBase.OnWriteStream: processId:236, streamId:1, streamType:2a4f0f81-6809-4480-87ce-0d772568cfb6, bufferSize:180
2025-02-11 19:44:18.692 -05:00 [VRB] LoggerBase.OnWriteStream: processId:236, streamId:1, streamType:2a4f0f81-6809-4480-87ce-0d772568cfb6, bufferSize:180
2025-02-11 19:44:18.692 -05:00 [VRB] LoggerBase.OnWriteStream: processId:236, streamId:1, streamType:2a4f0f81-6809-4480-87ce-0d772568cfb6, bufferSize:214
2025-02-11 19:44:18.692 -05:00 [VRB] LoggerBase.OnWriteStream: processId:236, streamId:1, streamType:2a4f0f81-6809-4480-87ce-0d772568cfb6, bufferSize:166
2025-02-11 19:44:18.692 -05:00 [VRB] LoggerBase.OnWriteStream: processId:236, streamId:1, streamType:2a4f0f81-6809-4480-87ce-0d772568cfb6, bufferSize:102
2025-02-11 19:44:18.692 -05:00 [VRB] LoggerBase.OnWriteStream: processId:236, streamId:1, streamType:2a4f0f81-6809-4480-87ce-0d772568cfb6, bufferSize:54
2025-02-11 19:44:18.692 -05:00 [VRB] LoggerBase.OnWriteStream: processId:236, streamId:1, streamType:2a4f0f81-6809-4480-87ce-0d772568cfb6, bufferSize:240
2025-02-11 19:44:18.692 -05:00 [VRB] LoggerBase.OnWriteStream: processId:236, streamId:1, streamType:2a4f0f81-6809-4480-87ce-0d772568cfb6, bufferSize:552
2025-02-11 19:44:18.692 -05:00 [VRB] LoggerBase.OnWriteStream: processId:236, streamId:1, streamType:2a4f0f81-6809-4480-87ce-0d772568cfb6, bufferSize:60
2025-02-11 19:44:18.692 -05:00 [VRB] LoggerBase.OnWriteStream: processId:236, streamId:1, streamType:2a4f0f81-6809-4480-87ce-0d772568cfb6, bufferSize:64
2025-02-11 19:44:18.692 -05:00 [VRB] LoggerBase.OnWriteStream: processId:236, streamId:1, streamType:2a4f0f81-6809-4480-87ce-0d772568cfb6, bufferSize:66
2025-02-11 19:44:18.692 -05:00 [VRB] LoggerBase.OnWriteStream: processId:236, streamId:1, streamType:2a4f0f81-6809-4480-87ce-0d772568cfb6, bufferSize:52
2025-02-11 19:44:18.692 -05:00 [VRB] LoggerBase.OnWriteStream: processId:236, streamId:1, streamType:2a4f0f81-6809-4480-87ce-0d772568cfb6, bufferSize:52
2025-02-11 19:44:18.692 -05:00 [VRB] LoggerBase.OnWriteStream: processId:236, streamId:1, streamType:2a4f0f81-6809-4480-87ce-0d772568cfb6, bufferSize:60
2025-02-11 19:44:18.692 -05:00 [VRB] LoggerBase.OnWriteStream: processId:236, streamId:1, streamType:2a4f0f81-6809-4480-87ce-0d772568cfb6, bufferSize:72
2025-02-11 19:44:18.692 -05:00 [VRB] LoggerBase.OnWriteStream: processId:236, streamId:1, streamType:2a4f0f81-6809-4480-87ce-0d772568cfb6, bufferSize:118
2025-02-11 19:44:18.692 -05:00 [VRB] LoggerBase.OnWriteStream: processId:236, streamId:1, streamType:2a4f0f81-6809-4480-87ce-0d772568cfb6, bufferSize:222
2025-02-11 19:44:18.692 -05:00 [VRB] LoggerBase.OnWriteStream: processId:236, streamId:1, streamType:2a4f0f81-6809-4480-87ce-0d772568cfb6, bufferSize:404
2025-02-11 19:44:18.692 -05:00 [VRB] LoggerBase.OnWriteStream: processId:236, streamId:1, streamType:2a4f0f81-6809-4480-87ce-0d772568cfb6, bufferSize:124
2025-02-11 19:44:18.692 -05:00 [VRB] LoggerBase.OnWriteStream: processId:236, streamId:1, streamType:2a4f0f81-6809-4480-87ce-0d772568cfb6, bufferSize:114
2025-02-11 19:44:18.692 -05:00 [VRB] LoggerBase.OnWriteStream: processId:236, streamId:1, streamType:2a4f0f81-6809-4480-87ce-0d772568cfb6, bufferSize:60
2025-02-11 19:44:18.692 -05:00 [VRB] LoggerBase.OnWriteStream: processId:236, streamId:1, streamType:2a4f0f81-6809-4480-87ce-0d772568cfb6, bufferSize:60
2025-02-11 19:44:18.692 -05:00 [VRB] LoggerBase.OnWriteStream: processId:236, streamId:1, streamType:2a4f0f81-6809-4480-87ce-0d772568cfb6, bufferSize:40
2025-02-11 19:44:18.692 -05:00 [VRB] LoggerBase.OnWriteStream: processId:236, streamId:1, streamType:2a4f0f81-6809-4480-87ce-0d772568cfb6, bufferSize:102
2025-02-11 19:44:18.692 -05:00 [VRB] LoggerBase.OnWriteStream: processId:236, streamId:1, streamType:2a4f0f81-6809-4480-87ce-0d772568cfb6, bufferSize:258
2025-02-11 19:44:18.692 -05:00 [VRB] LoggerBase.OnWriteStream: processId:236, streamId:1, streamType:2a4f0f81-6809-4480-87ce-0d772568cfb6, bufferSize:96
2025-02-11 19:44:18.692 -05:00 [VRB] LoggerBase.OnWriteStream: processId:236, streamId:1, streamType:2a4f0f81-6809-4480-87ce-0d772568cfb6, bufferSize:62
2025-02-11 19:44:18.692 -05:00 [VRB] LoggerBase.OnWriteStream: processId:236, streamId:1, streamType:2a4f0f81-6809-4480-87ce-0d772568cfb6, bufferSize:66
2025-02-11 19:44:18.692 -05:00 [VRB] LoggerBase.OnWriteStream: processId:236, streamId:1, streamType:2a4f0f81-6809-4480-87ce-0d772568cfb6, bufferSize:102
2025-02-11 19:44:18.692 -05:00 [VRB] LoggerBase.OnWriteStream: processId:236, streamId:1, streamType:2a4f0f81-6809-4480-87ce-0d772568cfb6, bufferSize:66
2025-02-11 19:44:18.692 -05:00 [VRB] LoggerBase.OnWriteStream: processId:236, streamId:1, streamType:2a4f0f81-6809-4480-87ce-0d772568cfb6, bufferSize:370
2025-02-11 19:44:18.692 -05:00 [VRB] LoggerBase.OnWriteStream: processId:236, streamId:1, streamType:2a4f0f81-6809-4480-87ce-0d772568cfb6, bufferSize:136
2025-02-11 19:44:18.692 -05:00 [VRB] LoggerBase.OnWriteStream: processId:236, streamId:1, streamType:2a4f0f81-6809-4480-87ce-0d772568cfb6, bufferSize:1030
2025-02-11 19:44:18.692 -05:00 [VRB] LoggerBase.OnWriteStream: processId:236, streamId:1, streamType:2a4f0f81-6809-4480-87ce-0d772568cfb6, bufferSize:60
2025-02-11 19:44:18.692 -05:00 [INF] LoggerBase.OnInstrumentation: path:C:\Users\ThomasPronovost\Desktop\Polytechnique_MTL\Hiver_2025\1015_Programmation_orientee_objet_avancee\TP2INF1015\TP2\TP2INF1015-3b20f48474aefa242452db60350ac98523c74f7b\Debug\td2_partie2.exe, id:28bd9a2e-c452-4f14-ac55-f5b0e29a31e3, coverageBufferId:647b3099-8407-4f31-ae43-5856055dfcac, isDynamic:True isManaged:False, isMixed:False, isPortablePdb:False, imageSize: 172032, imageLinkTime:1739321033, numberOfMethodsInstrumented:24, numberOfMethodsSkipped: 192, numberOfMethodsFailed:0, elapsed:46ms
2025-02-11 19:44:18.692 -05:00 [INF] LoggerBase.CreateStream[236]: k:StreamKey { Id = 28bd9a2e-c452-4f14-ac55-f5b0e29a31e3, Prefix = unmanaged:\ } type:cb689549-d63e-4a55-b8fa-2a214725cf39 path:C:\Users\ThomasPronovost\Desktop\Polytechnique_MTL\Hiver_2025\1015_Programmation_orientee_objet_avancee\TP2INF1015\TP2\TP2INF1015-3b20f48474aefa242452db60350ac98523c74f7b\Debug\td2_partie2.exe
2025-02-11 19:44:18.692 -05:00 [INF] StaticStreamCreator.CreateStream: Creating SharedMemoryStream. streamId:2, identifier:647b3099-8407-4f31-ae43-5856055dfcac, bufferName:CodeCoverage.886352ee-44b3-42bf-b207-226d64c5c7d0.b647b3099-8407-4f31-ae43-5856055dfcac, bufferSize:384
2025-02-11 19:44:18.692 -05:00 [INF] ReportGenerator.CreateUnmanagedStream[236]: (StreamKey { Id = 28bd9a2e-c452-4f14-ac55-f5b0e29a31e3, Prefix = unmanaged:\ }) created new buffer stream with size: 384
2025-02-11 19:44:18.692 -05:00 [INF] LoggerBase.OnCreateStream: processId:236, streamId:2, streamType:cb689549-d63e-4a55-b8fa-2a214725cf39, bufferSize:384, bufferHeader:00-00-00-00, bufferName:CodeCoverage.886352ee-44b3-42bf-b207-226d64c5c7d0.b647b3099-8407-4f31-ae43-5856055dfcac, prefix:unmanaged:\
2025-02-11 19:44:18.692 -05:00 [INF] CoveragePipeClient.SendCreateStreamResponse[236]: streamId:2, bufferName:CodeCoverage.886352ee-44b3-42bf-b207-226d64c5c7d0.b647b3099-8407-4f31-ae43-5856055dfcac
2025-02-11 19:44:18.692 -05:00 [INF] LoggerBase.HandleCacheMessage[236]: started prefix:unmanaged:\C:\Users\ThomasPronovost\Desktop\Polytechnique_MTL\Hiver_2025\1015_Programmation_orientee_objet_avancee\TP2INF1015\TP2\TP2INF1015-3b20f48474aefa242452db60350ac98523c74f7b\Debug\td2_partie2.exe, key:28bd9a2e-c452-4f14-ac55-f5b0e29a31e3, buffers count:2
2025-02-11 19:44:18.692 -05:00 [INF] CoveragePipeClient.SendSuccessMessage[236]
2025-02-11 19:44:18.707 -05:00 [INF] LoggerBase.OnCloseStream: processId:236, streamId:1, streamSize:35588
2025-02-11 19:44:18.707 -05:00 [VRB] LoggerBase.OnWriteStream: processId:236, streamId:0, streamType:b157a3a4-9542-4546-859b-abd1367a08ed, bufferSize:68
2025-02-11 19:44:18.707 -05:00 [VRB] LoggerBase.OnWriteStream: processId:236, streamId:0, streamType:b157a3a4-9542-4546-859b-abd1367a08ed, bufferSize:74
2025-02-11 19:44:18.707 -05:00 [VRB] LoggerBase.OnWriteStream: processId:236, streamId:0, streamType:b157a3a4-9542-4546-859b-abd1367a08ed, bufferSize:78
2025-02-11 19:44:18.707 -05:00 [VRB] LoggerBase.OnWriteStream: processId:236, streamId:0, streamType:b157a3a4-9542-4546-859b-abd1367a08ed, bufferSize:84
2025-02-11 19:44:18.707 -05:00 [VRB] LoggerBase.OnWriteStream: processId:236, streamId:0, streamType:b157a3a4-9542-4546-859b-abd1367a08ed, bufferSize:76
2025-02-11 19:44:18.707 -05:00 [VRB] LoggerBase.OnWriteStream: processId:236, streamId:0, streamType:b157a3a4-9542-4546-859b-abd1367a08ed, bufferSize:76
2025-02-11 19:44:18.707 -05:00 [VRB] LoggerBase.OnWriteStream: processId:236, streamId:0, streamType:b157a3a4-9542-4546-859b-abd1367a08ed, bufferSize:70
2025-02-11 19:44:18.707 -05:00 [VRB] LoggerBase.OnWriteStream: processId:236, streamId:0, streamType:b157a3a4-9542-4546-859b-abd1367a08ed, bufferSize:74
2025-02-11 19:44:18.707 -05:00 [VRB] LoggerBase.OnWriteStream: processId:236, streamId:0, streamType:b157a3a4-9542-4546-859b-abd1367a08ed, bufferSize:70
2025-02-11 19:44:18.707 -05:00 [VRB] LoggerBase.OnWriteStream: processId:236, streamId:0, streamType:b157a3a4-9542-4546-859b-abd1367a08ed, bufferSize:72
2025-02-11 19:44:18.707 -05:00 [VRB] LoggerBase.OnWriteStream: processId:236, streamId:0, streamType:b157a3a4-9542-4546-859b-abd1367a08ed, bufferSize:72
2025-02-11 19:44:18.707 -05:00 [VRB] LoggerBase.OnWriteStream: processId:236, streamId:0, streamType:b157a3a4-9542-4546-859b-abd1367a08ed, bufferSize:70
2025-02-11 19:44:18.723 -05:00 [VRB] LoggerBase.OnWriteStream: processId:236, streamId:0, streamType:b157a3a4-9542-4546-859b-abd1367a08ed, bufferSize:68
2025-02-11 19:44:18.723 -05:00 [VRB] LoggerBase.OnWriteStream: processId:236, streamId:0, streamType:b157a3a4-9542-4546-859b-abd1367a08ed, bufferSize:74
2025-02-11 19:44:18.723 -05:00 [VRB] LoggerBase.OnWriteStream: processId:236, streamId:0, streamType:b157a3a4-9542-4546-859b-abd1367a08ed, bufferSize:72
2025-02-11 19:44:18.723 -05:00 [VRB] LoggerBase.OnWriteStream: processId:236, streamId:0, streamType:b157a3a4-9542-4546-859b-abd1367a08ed, bufferSize:68
2025-02-11 19:44:18.723 -05:00 [VRB] LoggerBase.OnWriteStream: processId:236, streamId:0, streamType:b157a3a4-9542-4546-859b-abd1367a08ed, bufferSize:70
2025-02-11 19:44:18.723 -05:00 [VRB] LoggerBase.OnWriteStream: processId:236, streamId:0, streamType:b157a3a4-9542-4546-859b-abd1367a08ed, bufferSize:76
2025-02-11 19:44:18.723 -05:00 [VRB] LoggerBase.OnWriteStream: processId:236, streamId:0, streamType:b157a3a4-9542-4546-859b-abd1367a08ed, bufferSize:76
2025-02-11 19:44:18.723 -05:00 [VRB] LoggerBase.OnWriteStream: processId:236, streamId:0, streamType:b157a3a4-9542-4546-859b-abd1367a08ed, bufferSize:70
2025-02-11 19:44:18.723 -05:00 [VRB] LoggerBase.OnWriteStream: processId:236, streamId:0, streamType:b157a3a4-9542-4546-859b-abd1367a08ed, bufferSize:74
2025-02-11 19:44:18.723 -05:00 [VRB] LoggerBase.OnWriteStream: processId:236, streamId:0, streamType:b157a3a4-9542-4546-859b-abd1367a08ed, bufferSize:72
2025-02-11 19:44:18.723 -05:00 [VRB] LoggerBase.OnWriteStream: processId:236, streamId:0, streamType:b157a3a4-9542-4546-859b-abd1367a08ed, bufferSize:72
2025-02-11 19:44:18.723 -05:00 [VRB] LoggerBase.OnWriteStream: processId:236, streamId:0, streamType:b157a3a4-9542-4546-859b-abd1367a08ed, bufferSize:74
2025-02-11 19:44:18.723 -05:00 [VRB] LoggerBase.OnWriteStream: processId:236, streamId:0, streamType:b157a3a4-9542-4546-859b-abd1367a08ed, bufferSize:68
2025-02-11 19:44:18.739 -05:00 [VRB] LoggerBase.OnWriteStream: processId:236, streamId:0, streamType:b157a3a4-9542-4546-859b-abd1367a08ed, bufferSize:68
2025-02-11 19:44:18.739 -05:00 [VRB] LoggerBase.OnWriteStream: processId:236, streamId:0, streamType:b157a3a4-9542-4546-859b-abd1367a08ed, bufferSize:76
2025-02-11 19:44:18.739 -05:00 [VRB] LoggerBase.OnWriteStream: processId:236, streamId:0, streamType:b157a3a4-9542-4546-859b-abd1367a08ed, bufferSize:90
2025-02-11 19:44:18.739 -05:00 [VRB] LoggerBase.OnWriteStream: processId:236, streamId:0, streamType:b157a3a4-9542-4546-859b-abd1367a08ed, bufferSize:70
2025-02-11 19:44:19.036 -05:00 [VRB] LoggerBase.OnWriteStream: processId:236, streamId:0, streamType:b157a3a4-9542-4546-859b-abd1367a08ed, bufferSize:86
2025-02-11 19:44:19.036 -05:00 [VRB] LoggerBase.OnWriteStream: processId:236, streamId:0, streamType:b157a3a4-9542-4546-859b-abd1367a08ed, bufferSize:126
2025-02-11 19:44:19.036 -05:00 [VRB] CoverageMessagesReader.ReadSkippedModules: path: ntdll.dll, skipReason: no_symbols.
2025-02-11 19:44:19.036 -05:00 [VRB] CoverageMessagesReader.ReadSkippedModules: path: kernel32.dll, skipReason: no_symbols.
2025-02-11 19:44:19.036 -05:00 [VRB] CoverageMessagesReader.ReadSkippedModules: path: kernelbase.dll, skipReason: no_symbols.
2025-02-11 19:44:19.036 -05:00 [VRB] CoverageMessagesReader.ReadSkippedModules: path: vcruntime140d.dll, skipReason: no_symbols.
2025-02-11 19:44:19.036 -05:00 [VRB] CoverageMessagesReader.ReadSkippedModules: path: msvcp140d.dll, skipReason: path_is_excluded.
2025-02-11 19:44:19.036 -05:00 [VRB] CoverageMessagesReader.ReadSkippedModules: path: ucrtbased.dll, skipReason: no_symbols.
2025-02-11 19:44:19.036 -05:00 [VRB] CoverageMessagesReader.ReadSkippedModules: path: rpcrt4.dll, skipReason: no_symbols.
2025-02-11 19:44:19.036 -05:00 [VRB] CoverageMessagesReader.ReadSkippedModules: path: advapi32.dll, skipReason: no_symbols.
2025-02-11 19:44:19.036 -05:00 [VRB] CoverageMessagesReader.ReadSkippedModules: path: msvcrt.dll, skipReason: path_is_excluded.
2025-02-11 19:44:19.036 -05:00 [VRB] CoverageMessagesReader.ReadSkippedModules: path: mscoree.dll, skipReason: path_is_excluded.
2025-02-11 19:44:19.036 -05:00 [VRB] CoverageMessagesReader.ReadSkippedModules: path: sechost.dll, skipReason: no_symbols.
2025-02-11 19:44:19.036 -05:00 [VRB] CoverageMessagesReader.ReadSkippedModules: path: bcrypt.dll, skipReason: no_symbols.
2025-02-11 19:44:19.036 -05:00 [VRB] CoverageMessagesReader.ReadSkippedModules: path: ole32.dll, skipReason: no_symbols.
2025-02-11 19:44:19.036 -05:00 [VRB] CoverageMessagesReader.ReadSkippedModules: path: ucrtbase.dll, skipReason: no_symbols.
2025-02-11 19:44:19.036 -05:00 [VRB] CoverageMessagesReader.ReadSkippedModules: path: combase.dll, skipReason: no_symbols.
2025-02-11 19:44:19.036 -05:00 [VRB] CoverageMessagesReader.ReadSkippedModules: path: gdi32.dll, skipReason: no_symbols.
2025-02-11 19:44:19.036 -05:00 [VRB] CoverageMessagesReader.ReadSkippedModules: path: win32u.dll, skipReason: no_symbols.
2025-02-11 19:44:19.036 -05:00 [VRB] CoverageMessagesReader.ReadSkippedModules: path: gdi32full.dll, skipReason: no_symbols.
2025-02-11 19:44:19.036 -05:00 [VRB] CoverageMessagesReader.ReadSkippedModules: path: msvcp_win.dll, skipReason: path_is_excluded.
2025-02-11 19:44:19.036 -05:00 [VRB] CoverageMessagesReader.ReadSkippedModules: path: user32.dll, skipReason: no_symbols.
2025-02-11 19:44:19.036 -05:00 [VRB] CoverageMessagesReader.ReadSkippedModules: path: oleaut32.dll, skipReason: no_symbols.
2025-02-11 19:44:19.036 -05:00 [VRB] CoverageMessagesReader.ReadSkippedModules: path: crypt32.dll, skipReason: no_symbols.
2025-02-11 19:44:19.036 -05:00 [VRB] CoverageMessagesReader.ReadSkippedModules: path: version.dll, skipReason: no_symbols.
2025-02-11 19:44:19.036 -05:00 [VRB] CoverageMessagesReader.ReadSkippedModules: path: powrprof.dll, skipReason: no_symbols.
2025-02-11 19:44:19.036 -05:00 [VRB] CoverageMessagesReader.ReadSkippedModules: path: imm32.dll, skipReason: no_symbols.
2025-02-11 19:44:19.036 -05:00 [VRB] CoverageMessagesReader.ReadSkippedModules: path: umpdc.dll, skipReason: no_symbols.
2025-02-11 19:44:19.036 -05:00 [VRB] CoverageMessagesReader.ReadSkippedModules: path: cryptbase.dll, skipReason: path_is_excluded.
2025-02-11 19:44:19.036 -05:00 [VRB] CoverageMessagesReader.ReadSkippedModules: path: bcryptprimitives.dll, skipReason: path_is_excluded.
2025-02-11 19:44:19.036 -05:00 [VRB] CoverageMessagesReader.ReadSkippedModules: path: msxml6.dll, skipReason: no_symbols.
2025-02-11 19:44:19.036 -05:00 [VRB] CoverageMessagesReader.ReadSkippedModules: path: kernel.appcore.dll, skipReason: no_symbols.
2025-02-11 19:44:19.036 -05:00 [VRB] CoverageMessagesReader.ReadSkippedModules: path: mscoreei.dll, skipReason: path_is_excluded.
2025-02-11 19:44:19.036 -05:00 [INF] Process ID 24504 exited.
2025-02-11 19:44:19.036 -05:00 [INF] LoggerBase.OnCloseStream: processId:236, streamId:0, streamSize:0
2025-02-11 19:44:19.036 -05:00 [VRB] PipeConnection.ReadMessagesAsync: 8439b03d-7f23-44e7-8828-e24e32dee0f5 finished
2025-02-11 19:44:19.036 -05:00 [VRB] PipeConnection.WaitForDisconnection: 906420e9-3453-4424-aeda-310b10b674f3 finished
2025-02-11 19:44:19.036 -05:00 [VRB] PipeConnection.WaitForDisconnection: 8439b03d-7f23-44e7-8828-e24e32dee0f5 finished
2025-02-11 19:44:19.036 -05:00 [VRB] PipeConnection.WaitForDisconnection: 021d8a2e-34dc-4ab9-a428-99baab248604 finished
2025-02-11 19:44:19.036 -05:00 [VRB] PipeConnection.WaitForDisconnection: da5391a2-bb3e-49b4-a42c-0b38c1a97f6a finished
2025-02-11 19:44:19.036 -05:00 [VRB] PipeConnection.WaitForDisconnection: 3b6384b4-2622-411b-876f-1911de099e0e finished
2025-02-11 19:44:19.036 -05:00 [VRB] PipeConnection.WaitForDisconnection: 8cc58129-fcf9-4449-ac3a-206daf548926 finished
2025-02-11 19:44:19.036 -05:00 [VRB] PipeConnection.WaitForDisconnection: d45d8b97-8fbe-43ee-b6db-47c8b568637b finished
2025-02-11 19:44:19.036 -05:00 [VRB] PipeConnection.Stop: 906420e9-3453-4424-aeda-310b10b674f3 finished
2025-02-11 19:44:19.036 -05:00 [VRB] PipeConnection.Stop: 8439b03d-7f23-44e7-8828-e24e32dee0f5 finished
2025-02-11 19:44:19.036 -05:00 [VRB] PipeConnection.Stop: 021d8a2e-34dc-4ab9-a428-99baab248604 finished
2025-02-11 19:44:19.036 -05:00 [VRB] PipeConnection.Stop: da5391a2-bb3e-49b4-a42c-0b38c1a97f6a finished
2025-02-11 19:44:19.036 -05:00 [VRB] PipeConnection.Stop: 3b6384b4-2622-411b-876f-1911de099e0e finished
2025-02-11 19:44:19.036 -05:00 [VRB] PipeConnection.Stop: 8cc58129-fcf9-4449-ac3a-206daf548926 finished
2025-02-11 19:44:19.036 -05:00 [VRB] PipeConnection.Stop: d45d8b97-8fbe-43ee-b6db-47c8b568637b finished
2025-02-11 19:44:19.051 -05:00 [VRB] LoggerBase.OnBufferClose: id:647b3099-8407-4f31-ae43-5856055dfcac, 362/384 covered
2025-02-11 19:44:19.051 -05:00 [INF] CoverageFileWriter.WriteAsync: path: couvertureTue 02-11-2025_19_44_18.23.coverage, schemaVersion: 1.
2025-02-11 19:44:19.067 -05:00 [INF] CoverageFileWriter.WriteModules: modules.Count: 1.
2025-02-11 19:44:19.067 -05:00 [VRB] CoverageFileWriter.WriteModuleCoverageData: coverageBufferId: 647b3099-8407-4f31-ae43-5856055dfcac, coverageBuffer.Length: 384.
2025-02-11 19:44:19.067 -05:00 [INF] CoverageFileWriter.WriteModule: moduleId: 2E-9A-BD-28-52-C4-14-4F-AC-55-F5-B0-E2-9A-31-E3-05-00-00-00, skippedFunctions.Count: 192, functions.Count: 24, sourceFiles.Count: 2, coverageBufferId: 647b3099-8407-4f31-ae43-5856055dfcac
2025-02-11 19:44:19.067 -05:00 [VRB] CoverageMessagesWriter.WriteModuleDataStream: sourceFile.Path: C:\Users\ThomasPronovost\Desktop\Polytechnique_MTL\Hiver_2025\1015_Programmation_orientee_objet_avancee\TP2INF1015\TP2\td2_partie2\td2.cpp.
2025-02-11 19:44:19.067 -05:00 [INF] CoverageFileWriter.WriteSkippedModuleData: skippedModules.Count: 31
2025-02-11 19:44:19.067 -05:00 [VRB] CoverageMessagesWriter.WriteModuleDataStream: sourceFile.Path: C:\Users\ThomasPronovost\Desktop\Polytechnique_MTL\Hiver_2025\1015_Programmation_orientee_objet_avancee\TP2INF1015\TP2\td2_partie2\ListeFilms.cpp.
2025-02-11 19:44:19.067 -05:00 [VRB] CoverageMessagesWriter.WriteModuleDataStream: function.Name = lireUint16, blockCount: 6.
2025-02-11 19:44:19.067 -05:00 [VRB] CoverageMessagesWriter.WriteModulesSkippedStream: skippedModule: bcrypt.dll, skipReason: no_symbols.
2025-02-11 19:44:19.067 -05:00 [VRB] CoverageMessagesWriter.WriteModuleDataStream: function.Name = obtenirPremierFilmPtr, blockCount: 3.
2025-02-11 19:44:19.067 -05:00 [VRB] CoverageMessagesWriter.WriteModuleDataStream: function.Name = _main, blockCount: 57.
2025-02-11 19:44:19.067 -05:00 [VRB] CoverageMessagesWriter.WriteModuleDataStream: function.Name = libererTableauFilm, blockCount: 4.
2025-02-11 19:44:19.067 -05:00 [VRB] CoverageMessagesWriter.WriteModuleDataStream: function.Name = lireString, blockCount: 14.
2025-02-11 19:44:19.067 -05:00 [VRB] CoverageMessagesWriter.WriteModuleDataStream: function.Name = detruireFilm, blockCount: 37.
2025-02-11 19:44:19.067 -05:00 [VRB] CoverageMessagesWriter.WriteModuleDataStream: function.Name = obtenirNElements, blockCount: 3.
2025-02-11 19:44:19.067 -05:00 [VRB] CoverageMessagesWriter.WriteModuleDataStream: function.Name = afficherListeFilms, blockCount: 49.
2025-02-11 19:44:19.067 -05:00 [VRB] CoverageMessagesWriter.WriteModulesSkippedStream: skippedModule: mscoreei.dll, skipReason: path_is_excluded.
2025-02-11 19:44:19.067 -05:00 [VRB] CoverageMessagesWriter.WriteModulesSkippedStream: skippedModule: powrprof.dll, skipReason: no_symbols.
2025-02-11 19:44:19.067 -05:00 [VRB] CoverageMessagesWriter.WriteModulesSkippedStream: skippedModule: vcruntime140d.dll, skipReason: no_symbols.
2025-02-11 19:44:19.067 -05:00 [VRB] CoverageMessagesWriter.WriteModulesSkippedStream: skippedModule: msxml6.dll, skipReason: no_symbols.
2025-02-11 19:44:19.067 -05:00 [VRB] CoverageMessagesWriter.WriteModulesSkippedStream: skippedModule: umpdc.dll, skipReason: no_symbols.
2025-02-11 19:44:19.067 -05:00 [VRB] CoverageMessagesWriter.WriteModulesSkippedStream: skippedModule: rpcrt4.dll, skipReason: no_symbols.
2025-02-11 19:44:19.067 -05:00 [VRB] CoverageMessagesWriter.WriteModulesSkippedStream: skippedModule: ole32.dll, skipReason: no_symbols.
2025-02-11 19:44:19.067 -05:00 [VRB] CoverageMessagesWriter.WriteModulesSkippedStream: skippedModule: win32u.dll, skipReason: no_symbols.
2025-02-11 19:44:19.067 -05:00 [VRB] CoverageMessagesWriter.WriteModulesSkippedStream: skippedModule: msvcp_win.dll, skipReason: path_is_excluded.
2025-02-11 19:44:19.067 -05:00 [VRB] CoverageMessagesWriter.WriteModulesSkippedStream: skippedModule: ucrtbase.dll, skipReason: no_symbols.
2025-02-11 19:44:19.067 -05:00 [VRB] CoverageMessagesWriter.WriteModulesSkippedStream: skippedModule: version.dll, skipReason: no_symbols.
2025-02-11 19:44:19.067 -05:00 [VRB] CoverageMessagesWriter.WriteModulesSkippedStream: skippedModule: mscoree.dll, skipReason: path_is_excluded.
2025-02-11 19:44:19.067 -05:00 [VRB] CoverageMessagesWriter.WriteModulesSkippedStream: skippedModule: combase.dll, skipReason: no_symbols.
2025-02-11 19:44:19.067 -05:00 [VRB] CoverageMessagesWriter.WriteModulesSkippedStream: skippedModule: advapi32.dll, skipReason: no_symbols.
2025-02-11 19:44:19.067 -05:00 [VRB] CoverageMessagesWriter.WriteModulesSkippedStream: skippedModule: gdi32.dll, skipReason: no_symbols.
2025-02-11 19:44:19.067 -05:00 [VRB] CoverageMessagesWriter.WriteModulesSkippedStream: skippedModule: msvcp140d.dll, skipReason: path_is_excluded.
2025-02-11 19:44:19.067 -05:00 [VRB] CoverageMessagesWriter.WriteModulesSkippedStream: skippedModule: kernelbase.dll, skipReason: no_symbols.
2025-02-11 19:44:19.067 -05:00 [VRB] CoverageMessagesWriter.WriteModulesSkippedStream: skippedModule: bcryptprimitives.dll, skipReason: path_is_excluded.
2025-02-11 19:44:19.067 -05:00 [VRB] CoverageMessagesWriter.WriteModulesSkippedStream: skippedModule: crypt32.dll, skipReason: no_symbols.
2025-02-11 19:44:19.067 -05:00 [VRB] CoverageMessagesWriter.WriteModulesSkippedStream: skippedModule: imm32.dll, skipReason: no_symbols.
2025-02-11 19:44:19.067 -05:00 [VRB] CoverageMessagesWriter.WriteModulesSkippedStream: skippedModule: gdi32full.dll, skipReason: no_symbols.
2025-02-11 19:44:19.067 -05:00 [VRB] CoverageMessagesWriter.WriteModulesSkippedStream: skippedModule: ntdll.dll, skipReason: no_symbols.
2025-02-11 19:44:19.067 -05:00 [VRB] CoverageMessagesWriter.WriteModulesSkippedStream: skippedModule: user32.dll, skipReason: no_symbols.
2025-02-11 19:44:19.067 -05:00 [VRB] CoverageMessagesWriter.WriteModulesSkippedStream: skippedModule: oleaut32.dll, skipReason: no_symbols.
2025-02-11 19:44:19.067 -05:00 [VRB] CoverageMessagesWriter.WriteModulesSkippedStream: skippedModule: kernel32.dll, skipReason: no_symbols.
2025-02-11 19:44:19.067 -05:00 [VRB] CoverageMessagesWriter.WriteModulesSkippedStream: skippedModule: ucrtbased.dll, skipReason: no_symbols.
2025-02-11 19:44:19.067 -05:00 [VRB] CoverageMessagesWriter.WriteModulesSkippedStream: skippedModule: kernel.appcore.dll, skipReason: no_symbols.
2025-02-11 19:44:19.067 -05:00 [VRB] CoverageMessagesWriter.WriteModulesSkippedStream: skippedModule: msvcrt.dll, skipReason: path_is_excluded.
2025-02-11 19:44:19.067 -05:00 [VRB] CoverageMessagesWriter.WriteModuleDataStream: function.Name = lireUint8, blockCount: 6.
2025-02-11 19:44:19.067 -05:00 [VRB] CoverageMessagesWriter.WriteModulesSkippedStream: skippedModule: sechost.dll, skipReason: no_symbols.
2025-02-11 19:44:19.067 -05:00 [VRB] CoverageMessagesWriter.WriteModuleDataStream: function.Name = creerListe, blockCount: 17.
2025-02-11 19:44:19.067 -05:00 [VRB] CoverageMessagesWriter.WriteModulesSkippedStream: skippedModule: cryptbase.dll, skipReason: path_is_excluded.
2025-02-11 19:44:19.067 -05:00 [VRB] CoverageMessagesWriter.WriteModuleDataStream: function.Name = detruireListeFilms, blockCount: 13.
2025-02-11 19:44:19.067 -05:00 [VRB] CoverageMessagesWriter.WriteModuleDataStream: function.Name = ajouterFilm, blockCount: 6.
2025-02-11 19:44:19.067 -05:00 [VRB] CoverageMessagesWriter.WriteModuleDataStream: function.Name = afficherFilmographieActeur, blockCount: 12.
2025-02-11 19:44:19.067 -05:00 [VRB] CoverageMessagesWriter.WriteModuleDataStream: function.Name = chercherActeur, blockCount: 22.
2025-02-11 19:44:19.067 -05:00 [VRB] CoverageMessagesWriter.WriteModuleDataStream: function.Name = spanListeFilms, blockCount: 4.
2025-02-11 19:44:19.067 -05:00 [VRB] CoverageMessagesWriter.WriteModuleDataStream: function.Name = lireActeur, blockCount: 31.
2025-02-11 19:44:19.082 -05:00 [VRB] CoverageMessagesWriter.WriteModuleDataStream: function.Name = agrandirListeFilm, blockCount: 16.
2025-02-11 19:44:19.082 -05:00 [VRB] CoverageMessagesWriter.WriteModuleDataStream: function.Name = spanListeActeur, blockCount: 4.
2025-02-11 19:44:19.082 -05:00 [VRB] CoverageMessagesWriter.WriteModuleDataStream: function.Name = ListeFilms, blockCount: 5.
2025-02-11 19:44:19.082 -05:00 [VRB] CoverageMessagesWriter.WriteModuleDataStream: function.Name = ListeFilms, blockCount: 3.
2025-02-11 19:44:19.082 -05:00 [VRB] CoverageMessagesWriter.WriteModuleDataStream: function.Name = enleverFilm, blockCount: 16.
2025-02-11 19:44:19.082 -05:00 [VRB] CoverageMessagesWriter.WriteModuleDataStream: function.Name = afficherListeActeur, blockCount: 12.
2025-02-11 19:44:19.082 -05:00 [VRB] CoverageMessagesWriter.WriteModuleDataStream: function.Name = afficherActeur, blockCount: 12.
2025-02-11 19:44:19.082 -05:00 [VRB] CoverageMessagesWriter.WriteModuleDataStream: function.Name = lireFilm, blockCount: 32.
2025-02-11 19:44:19.082 -05:00 [VRB] CoverageMessagesWriter.WriteModuleDataStream: skippedFunction.Name: enlever_des_blocs_alloues(void *, bool).
2025-02-11 19:44:19.082 -05:00 [VRB] CoverageMessagesWriter.WriteModuleDataStream: skippedFunction.Name: operator()(const char *, const char *, struct _iobuf *, unsigned long, class std::basic_ios<char,std::char_traits<char> > & const).
2025-02-11 19:44:19.082 -05:00 [VRB] CoverageMessagesWriter.WriteModuleDataStream: skippedFunction.Name: RangeIterData<int,0>.
2025-02-11 19:44:19.082 -05:00 [VRB] CoverageMessagesWriter.WriteModuleDataStream: skippedFunction.Name: operator()(unsigned int).
2025-02-11 19:44:19.082 -05:00 [VRB] CoverageMessagesWriter.WriteModuleDataStream: skippedFunction.Name: __RTC_CheckEsp.
2025-02-11 19:44:19.082 -05:00 [VRB] CoverageMessagesWriter.WriteModuleDataStream: skippedFunction.Name: __get_startup_commit_mode.
2025-02-11 19:44:19.082 -05:00 [VRB] CoverageMessagesWriter.WriteModuleDataStream: skippedFunction.Name: notre_operator_new.
2025-02-11 19:44:19.082 -05:00 [VRB] CoverageMessagesWriter.WriteModuleDataStream: skippedFunction.Name: _Unchecked_end.
2025-02-11 19:44:19.082 -05:00 [VRB] CoverageMessagesWriter.WriteModuleDataStream: skippedFunction.Name: operator new.
2025-02-11 19:44:19.082 -05:00 [VRB] CoverageMessagesWriter.WriteModuleDataStream: skippedFunction.Name: operator new.
2025-02-11 19:44:19.082 -05:00 [VRB] CoverageMessagesWriter.WriteModuleDataStream: skippedFunction.Name: operator new.
2025-02-11 19:44:19.082 -05:00 [VRB] CoverageMessagesWriter.WriteModuleDataStream: skippedFunction.Name: activerCouleursAnsi.
2025-02-11 19:44:19.082 -05:00 [VRB] CoverageMessagesWriter.WriteModuleDataStream: skippedFunction.Name: data.
2025-02-11 19:44:19.082 -05:00 [VRB] CoverageMessagesWriter.WriteModuleDataStream: skippedFunction.Name: get_blocs_alloues_lock.
2025-02-11 19:44:19.082 -05:00 [VRB] CoverageMessagesWriter.WriteModuleDataStream: skippedFunction.Name: size.
2025-02-11 19:44:19.082 -05:00 [VRB] CoverageMessagesWriter.WriteModuleDataStream: skippedFunction.Name: static void failwithmessage(void *, int, int, const char *).
2025-02-11 19:44:19.082 -05:00 [VRB] CoverageMessagesWriter.WriteModuleDataStream: skippedFunction.Name: get_blocs_alloues_tries(bool, unsigned int).
2025-02-11 19:44:19.082 -05:00 [VRB] CoverageMessagesWriter.WriteModuleDataStream: skippedFunction.Name: static struct _IMAGE_SECTION_HEADER * find_pe_section(unsigned char *, const unsigned int).
2025-02-11 19:44:19.082 -05:00 [VRB] CoverageMessagesWriter.WriteModuleDataStream: skippedFunction.Name: a_numero_ligne.
2025-02-11 19:44:19.082 -05:00 [VRB] CoverageMessagesWriter.WriteModuleDataStream: skippedFunction.Name: _RTC_StackFailure.
2025-02-11 19:44:19.082 -05:00 [VRB] CoverageMessagesWriter.WriteModuleDataStream: skippedFunction.Name: compte_allocations.
2025-02-11 19:44:19.082 -05:00 [VRB] CoverageMessagesWriter.WriteModuleDataStream: skippedFunction.Name: initialiserGoogleTest.
2025-02-11 19:44:19.082 -05:00 [VRB] CoverageMessagesWriter.WriteModuleDataStream: skippedFunction.Name: __RTC_Initialize.
2025-02-11 19:44:19.082 -05:00 [VRB] CoverageMessagesWriter.WriteModuleDataStream: skippedFunction.Name: static unsigned int _strlen_priv(const char *).
2025-02-11 19:44:19.082 -05:00 [VRB] CoverageMessagesWriter.WriteModuleDataStream: skippedFunction.Name: _RTC_GetErrorFunc.
2025-02-11 19:44:19.082 -05:00 [VRB] CoverageMessagesWriter.WriteModuleDataStream: skippedFunction.Name: operator!=.
2025-02-11 19:44:19.082 -05:00 [VRB] CoverageMessagesWriter.WriteModuleDataStream: skippedFunction.Name: __get_startup_thread_locale_mode.
2025-02-11 19:44:19.082 -05:00 [VRB] CoverageMessagesWriter.WriteModuleDataStream: skippedFunction.Name: remise_a_zero_verification.
2025-02-11 19:44:19.082 -05:00 [VRB] CoverageMessagesWriter.WriteModuleDataStream: skippedFunction.Name: span<char const *,4294967295><2,0>.
2025-02-11 19:44:19.082 -05:00 [VRB] CoverageMessagesWriter.WriteModuleDataStream: skippedFunction.Name: operator==.
2025-02-11 19:44:19.082 -05:00 [VRB] CoverageMessagesWriter.WriteModuleDataStream: skippedFunction.Name: operator!=.
2025-02-11 19:44:19.082 -05:00 [VRB] CoverageMessagesWriter.WriteModuleDataStream: skippedFunction.Name: __except_handler4_noexcept.
2025-02-11 19:44:19.082 -05:00 [VRB] CoverageMessagesWriter.WriteModuleDataStream: skippedFunction.Name: get_blocs_alloues.
2025-02-11 19:44:19.082 -05:00 [VRB] CoverageMessagesWriter.WriteModuleDataStream: skippedFunction.Name: locales_a_essayer().
2025-02-11 19:44:19.082 -05:00 [VRB] CoverageMessagesWriter.WriteModuleDataStream: skippedFunction.Name: remet().
2025-02-11 19:44:19.082 -05:00 [VRB] CoverageMessagesWriter.WriteModuleDataStream: skippedFunction.Name: range<int>.
2025-02-11 19:44:19.082 -05:00 [VRB] CoverageMessagesWriter.WriteModuleDataStream: skippedFunction.Name: RemplaceRemet<`bibliotheque_cours::remplaceConsoleOutputCP'::`2'::<lambda_1>,unsigned int &><unsigned int &>(class bibliotheque_cours::remplaceConsoleOutputCP::__l2::<lambda_1>, unsigned int & const).
2025-02-11 19:44:19.082 -05:00 [VRB] CoverageMessagesWriter.WriteModuleDataStream: skippedFunction.Name: tous_les_new_ont_un_delete.
2025-02-11 19:44:19.082 -05:00 [VRB] CoverageMessagesWriter.WriteModuleDataStream: skippedFunction.Name: _RTC_Failure.
2025-02-11 19:44:19.082 -05:00 [VRB] CoverageMessagesWriter.WriteModuleDataStream: skippedFunction.Name: operator()().
2025-02-11 19:44:19.082 -05:00 [VRB] CoverageMessagesWriter.WriteModuleDataStream: skippedFunction.Name: operator()<std::array<std::basic_string<char,std::char_traits<char>,std::allocator<char> >,1> >(class std::array<std::basic_string<char,std::char_traits<char>,std::allocator<char> >,1>).
2025-02-11 19:44:19.082 -05:00 [VRB] CoverageMessagesWriter.WriteModuleDataStream: skippedFunction.Name: activer_verification_allocation.
2025-02-11 19:44:19.082 -05:00 [VRB] CoverageMessagesWriter.WriteModuleDataStream: skippedFunction.Name: est_dans_phase_apres_main.
2025-02-11 19:44:19.082 -05:00 [VRB] CoverageMessagesWriter.WriteModuleDataStream: skippedFunction.Name: not_equal_to_impl.
2025-02-11 19:44:19.082 -05:00 [VRB] CoverageMessagesWriter.WriteModuleDataStream: skippedFunction.Name: to_const_char(const class std::basic_string<char,std::char_traits<char>,std::allocator<char> > & const).
2025-02-11 19:44:19.082 -05:00 [VRB] CoverageMessagesWriter.WriteModuleDataStream: skippedFunction.Name: to_const_char(const char *).
2025-02-11 19:44:19.082 -05:00 [VRB] CoverageMessagesWriter.WriteModuleDataStream: skippedFunction.Name: ~type_info.
2025-02-11 19:44:19.082 -05:00 [VRB] CoverageMessagesWriter.WriteModuleDataStream: skippedFunction.Name: __Smtx_unlock_exclusive.
2025-02-11 19:44:19.082 -05:00 [VRB] CoverageMessagesWriter.WriteModuleDataStream: skippedFunction.Name: __Smtx_unlock_shared.
2025-02-11 19:44:19.082 -05:00 [VRB] CoverageMessagesWriter.WriteModuleDataStream: skippedFunction.Name: get_message_erreur_delete.
2025-02-11 19:44:19.082 -05:00 [VRB] CoverageMessagesWriter.WriteModuleDataStream: skippedFunction.Name: RemplaceRemet<`bibliotheque_cours::remplaceCLocale'::`2'::<lambda_1>,gsl::span<char const *,4294967295> &><gsl::span<char const *,4294967295> &>(class bibliotheque_cours::remplaceCLocale::__l2::<lambda_1>, class gsl::span<char const *,4294967295> & const).
2025-02-11 19:44:19.082 -05:00 [VRB] CoverageMessagesWriter.WriteModuleDataStream: skippedFunction.Name: operator().
2025-02-11 19:44:19.082 -05:00 [VRB] CoverageMessagesWriter.WriteModuleDataStream: skippedFunction.Name: operator().
2025-02-11 19:44:19.082 -05:00 [VRB] CoverageMessagesWriter.WriteModuleDataStream: skippedFunction.Name: remise_a_zero_compteurs_allocation.
2025-02-11 19:44:19.082 -05:00 [VRB] CoverageMessagesWriter.WriteModuleDataStream: skippedFunction.Name: ~S().
2025-02-11 19:44:19.082 -05:00 [VRB] CoverageMessagesWriter.WriteModuleDataStream: skippedFunction.Name: _Unchecked_begin.
2025-02-11 19:44:19.082 -05:00 [VRB] CoverageMessagesWriter.WriteModuleDataStream: skippedFunction.Name: terminate.
2025-02-11 19:44:19.082 -05:00 [VRB] CoverageMessagesWriter.WriteModuleDataStream: skippedFunction.Name: data.
2025-02-11 19:44:19.082 -05:00 [VRB] CoverageMessagesWriter.WriteModuleDataStream: skippedFunction.Name: static bool DebuggerRuntime(unsigned long, int, void *, const wchar_t *).
2025-02-11 19:44:19.082 -05:00 [VRB] CoverageMessagesWriter.WriteModuleDataStream: skippedFunction.Name: remplir_bloc_verification_corruption_a.
2025-02-11 19:44:19.082 -05:00 [VRB] CoverageMessagesWriter.WriteModuleDataStream: skippedFunction.Name: tester_tous_blocs_alloues.
2025-02-11 19:44:19.082 -05:00 [VRB] CoverageMessagesWriter.WriteModuleDataStream: skippedFunction.Name: inc.
2025-02-11 19:44:19.082 -05:00 [VRB] CoverageMessagesWriter.WriteModuleDataStream: skippedFunction.Name: _ceilf.
2025-02-11 19:44:19.082 -05:00 [VRB] CoverageMessagesWriter.WriteModuleDataStream: skippedFunction.Name: RemplaceRemet<`bibliotheque_cours::remplaceConsoleInputCP'::`2'::<lambda_1>,unsigned int &><unsigned int &>(class bibliotheque_cours::remplaceConsoleInputCP::__l2::<lambda_1>, unsigned int & const).
2025-02-11 19:44:19.082 -05:00 [VRB] CoverageMessagesWriter.WriteModuleDataStream: skippedFunction.Name: operator().
2025-02-11 19:44:19.082 -05:00 [VRB] CoverageMessagesWriter.WriteModuleDataStream: skippedFunction.Name: __initialize_denormal_control.
2025-02-11 19:44:19.082 -05:00 [VRB] CoverageMessagesWriter.WriteModuleDataStream: skippedFunction.Name: __ftol3.
2025-02-11 19:44:19.082 -05:00 [VRB] CoverageMessagesWriter.WriteModuleDataStream: skippedFunction.Name: static void notify_debugger(const struct tagEXCEPTION_VISUALCPP_DEBUG_INFO & const).
2025-02-11 19:44:19.082 -05:00 [VRB] CoverageMessagesWriter.WriteModuleDataStream: skippedFunction.Name: __initialize_default_precision.
2025-02-11 19:44:19.082 -05:00 [VRB] CoverageMessagesWriter.WriteModuleDataStream: skippedFunction.Name: get_blocs_alloues_mutex.
2025-02-11 19:44:19.082 -05:00 [VRB] CoverageMessagesWriter.WriteModuleDataStream: skippedFunction.Name: _atexit.
2025-02-11 19:44:19.082 -05:00 [VRB] CoverageMessagesWriter.WriteModuleDataStream: skippedFunction.Name: debogage_allocation_est_actif.
2025-02-11 19:44:19.082 -05:00 [VRB] CoverageMessagesWriter.WriteModuleDataStream: skippedFunction.Name: static int invoke_main().
2025-02-11 19:44:19.082 -05:00 [VRB] CoverageMessagesWriter.WriteModuleDataStream: skippedFunction.Name: get_info_bloc_memoire(void *).
2025-02-11 19:44:19.082 -05:00 [VRB] CoverageMessagesWriter.WriteModuleDataStream: skippedFunction.Name: operator delete.
2025-02-11 19:44:19.082 -05:00 [VRB] CoverageMessagesWriter.WriteModuleDataStream: skippedFunction.Name: operator delete.
2025-02-11 19:44:19.082 -05:00 [VRB] CoverageMessagesWriter.WriteModuleDataStream: skippedFunction.Name: operator delete.
2025-02-11 19:44:19.082 -05:00 [VRB] CoverageMessagesWriter.WriteModuleDataStream: skippedFunction.Name: __RTC_Terminate.
2025-02-11 19:44:19.082 -05:00 [VRB] CoverageMessagesWriter.WriteModuleDataStream: skippedFunction.Name: remplaceCLocale(int, class gsl::span<char const *,4294967295>).
2025-02-11 19:44:19.082 -05:00 [VRB] CoverageMessagesWriter.WriteModuleDataStream: skippedFunction.Name: tester_bloc_verification_corruption_a.
2025-02-11 19:44:19.082 -05:00 [VRB] CoverageMessagesWriter.WriteModuleDataStream: skippedFunction.Name: static int ArrayUnwindFilter(struct _EXCEPTION_POINTERS *).
2025-02-11 19:44:19.082 -05:00 [VRB] CoverageMessagesWriter.WriteModuleDataStream: skippedFunction.Name: ~dbgbuf.
2025-02-11 19:44:19.082 -05:00 [VRB] CoverageMessagesWriter.WriteModuleDataStream: skippedFunction.Name: overflow.
2025-02-11 19:44:19.082 -05:00 [VRB] CoverageMessagesWriter.WriteModuleDataStream: skippedFunction.Name: ouvrirUneConsoleSiTestAvecDebogueur.
2025-02-11 19:44:19.082 -05:00 [VRB] CoverageMessagesWriter.WriteModuleDataStream: skippedFunction.Name: __get_startup_file_mode.
2025-02-11 19:44:19.082 -05:00 [VRB] CoverageMessagesWriter.WriteModuleDataStream: skippedFunction.Name: operator delete[].
2025-02-11 19:44:19.082 -05:00 [VRB] CoverageMessagesWriter.WriteModuleDataStream: skippedFunction.Name: operator delete[].
2025-02-11 19:44:19.082 -05:00 [VRB] CoverageMessagesWriter.WriteModuleDataStream: skippedFunction.Name: operator delete[].
2025-02-11 19:44:19.082 -05:00 [VRB] CoverageMessagesWriter.WriteModuleDataStream: skippedFunction.Name: _RTC_GetErrorFuncW.
2025-02-11 19:44:19.082 -05:00 [VRB] CoverageMessagesWriter.WriteModuleDataStream: skippedFunction.Name: begin.
2025-02-11 19:44:19.082 -05:00 [VRB] CoverageMessagesWriter.WriteModuleDataStream: skippedFunction.Name: _mainCRTStartup.
2025-02-11 19:44:19.082 -05:00 [VRB] CoverageMessagesWriter.WriteModuleDataStream: skippedFunction.Name: dbgbuf.
2025-02-11 19:44:19.082 -05:00 [VRB] CoverageMessagesWriter.WriteModuleDataStream: skippedFunction.Name: operator<<.
2025-02-11 19:44:19.082 -05:00 [VRB] CoverageMessagesWriter.WriteModuleDataStream: skippedFunction.Name: operator++.
2025-02-11 19:44:19.082 -05:00 [VRB] CoverageMessagesWriter.WriteModuleDataStream: skippedFunction.Name: step.
2025-02-11 19:44:19.082 -05:00 [VRB] CoverageMessagesWriter.WriteModuleDataStream: skippedFunction.Name: get_blocs_alloues_shared_lock.
2025-02-11 19:44:19.082 -05:00 [VRB] CoverageMessagesWriter.WriteModuleDataStream: skippedFunction.Name: repond_aux_criteres.
2025-02-11 19:44:19.082 -05:00 [VRB] CoverageMessagesWriter.WriteModuleDataStream: skippedFunction.Name: _NtCurrentTeb.
2025-02-11 19:44:19.082 -05:00 [VRB] CoverageMessagesWriter.WriteModuleDataStream: skippedFunction.Name: value.
2025-02-11 19:44:19.082 -05:00 [VRB] CoverageMessagesWriter.WriteModuleDataStream: skippedFunction.Name: `dynamic initializer for 'blocs_alloues''().
2025-02-11 19:44:19.082 -05:00 [VRB] CoverageMessagesWriter.WriteModuleDataStream: skippedFunction.Name: set_breakpoint_sur_allocations.
2025-02-11 19:44:19.082 -05:00 [VRB] CoverageMessagesWriter.WriteModuleDataStream: skippedFunction.Name: __should_initialize_environment.
2025-02-11 19:44:19.082 -05:00 [VRB] CoverageMessagesWriter.WriteModuleDataStream: skippedFunction.Name: ~SansVerifierAllocations.
2025-02-11 19:44:19.082 -05:00 [VRB] CoverageMessagesWriter.WriteModuleDataStream: skippedFunction.Name: static int pre_c_initialization().
2025-02-11 19:44:19.082 -05:00 [VRB] CoverageMessagesWriter.WriteModuleDataStream: skippedFunction.Name: static bool DebuggerProbe(unsigned long).
2025-02-11 19:44:19.082 -05:00 [VRB] CoverageMessagesWriter.WriteModuleDataStream: skippedFunction.Name: __matherr.
2025-02-11 19:44:19.082 -05:00 [VRB] CoverageMessagesWriter.WriteModuleDataStream: skippedFunction.Name: Iterator.
2025-02-11 19:44:19.082 -05:00 [VRB] CoverageMessagesWriter.WriteModuleDataStream: skippedFunction.Name: Range<int>.
2025-02-11 19:44:19.082 -05:00 [VRB] CoverageMessagesWriter.WriteModuleDataStream: skippedFunction.Name: __Init_thread_wait_v2.
2025-02-11 19:44:19.082 -05:00 [VRB] CoverageMessagesWriter.WriteModuleDataStream: skippedFunction.Name: __get_startup_new_mode.
2025-02-11 19:44:19.082 -05:00 [VRB] CoverageMessagesWriter.WriteModuleDataStream: skippedFunction.Name: desactiver_verification_allocation.
2025-02-11 19:44:19.082 -05:00 [VRB] CoverageMessagesWriter.WriteModuleDataStream: skippedFunction.Name: ~RemplaceRemet<`bibliotheque_cours::remplaceConsoleInputCP'::`2'::<lambda_1>,unsigned int &>().
2025-02-11 19:44:19.082 -05:00 [VRB] CoverageMessagesWriter.WriteModuleDataStream: skippedFunction.Name: ~VerifierFuitesAllocations.
2025-02-11 19:44:19.082 -05:00 [VRB] CoverageMessagesWriter.WriteModuleDataStream: skippedFunction.Name: operator().
2025-02-11 19:44:19.082 -05:00 [VRB] CoverageMessagesWriter.WriteModuleDataStream: skippedFunction.Name: static bool is_potentially_valid_image_base(void *).
2025-02-11 19:44:19.082 -05:00 [VRB] CoverageMessagesWriter.WriteModuleDataStream: skippedFunction.Name: __initialize_invalid_parameter_handler.
2025-02-11 19:44:19.082 -05:00 [VRB] CoverageMessagesWriter.WriteModuleDataStream: skippedFunction.Name: InitConsole.
2025-02-11 19:44:19.082 -05:00 [VRB] CoverageMessagesWriter.WriteModuleDataStream: skippedFunction.Name: remplaceConsoleOutputCP(unsigned int).
2025-02-11 19:44:19.082 -05:00 [VRB] CoverageMessagesWriter.WriteModuleDataStream: skippedFunction.Name: __get_startup_argv_mode.
2025-02-11 19:44:19.082 -05:00 [VRB] CoverageMessagesWriter.WriteModuleDataStream: skippedFunction.Name: mettre_verification_corruption_sur_allocation.
2025-02-11 19:44:19.082 -05:00 [VRB] CoverageMessagesWriter.WriteModuleDataStream: skippedFunction.Name: _Unchecked_end.
2025-02-11 19:44:19.082 -05:00 [VRB] CoverageMessagesWriter.WriteModuleDataStream: skippedFunction.Name: dbgstream.
2025-02-11 19:44:19.082 -05:00 [VRB] CoverageMessagesWriter.WriteModuleDataStream: skippedFunction.Name: data.
2025-02-11 19:44:19.082 -05:00 [VRB] CoverageMessagesWriter.WriteModuleDataStream: skippedFunction.Name: _wmemset.
2025-02-11 19:44:19.082 -05:00 [VRB] CoverageMessagesWriter.WriteModuleDataStream: skippedFunction.Name: size.
2025-02-11 19:44:19.082 -05:00 [VRB] CoverageMessagesWriter.WriteModuleDataStream: skippedFunction.Name: operator().
2025-02-11 19:44:19.082 -05:00 [VRB] CoverageMessagesWriter.WriteModuleDataStream: skippedFunction.Name: remplaceConsoleInputCP(unsigned int).
2025-02-11 19:44:19.082 -05:00 [VRB] CoverageMessagesWriter.WriteModuleDataStream: skippedFunction.Name: ~RemplaceRemet<`bibliotheque_cours::remplaceCLocale'::`2'::<lambda_1>,gsl::span<char const *,4294967295> &>().
2025-02-11 19:44:19.082 -05:00 [VRB] CoverageMessagesWriter.WriteModuleDataStream: skippedFunction.Name: get_marqueur_verification_allocation.
2025-02-11 19:44:19.082 -05:00 [VRB] CoverageMessagesWriter.WriteModuleDataStream: skippedFunction.Name: SansVerifierAllocations.
2025-02-11 19:44:19.082 -05:00 [VRB] CoverageMessagesWriter.WriteModuleDataStream: skippedFunction.Name: afficher_fuites.
2025-02-11 19:44:19.082 -05:00 [VRB] CoverageMessagesWriter.WriteModuleDataStream: skippedFunction.Name: static struct HINSTANCE__ * GetPdbDllFromInstallPath().
2025-02-11 19:44:19.082 -05:00 [VRB] CoverageMessagesWriter.WriteModuleDataStream: skippedFunction.Name: __Init_thread_unlock.
2025-02-11 19:44:19.082 -05:00 [VRB] CoverageMessagesWriter.WriteModuleDataStream: skippedFunction.Name: extent_type<4294967295><2>.
2025-02-11 19:44:19.082 -05:00 [VRB] CoverageMessagesWriter.WriteModuleDataStream: skippedFunction.Name: static void pre_cpp_initialization().
2025-02-11 19:44:19.082 -05:00 [VRB] CoverageMessagesWriter.WriteModuleDataStream: skippedFunction.Name: _Unchecked_begin.
2025-02-11 19:44:19.082 -05:00 [VRB] CoverageMessagesWriter.WriteModuleDataStream: skippedFunction.Name: __except_handler4.
2025-02-11 19:44:19.082 -05:00 [VRB] CoverageMessagesWriter.WriteModuleDataStream: skippedFunction.Name: remet().
2025-02-11 19:44:19.082 -05:00 [VRB] CoverageMessagesWriter.WriteModuleDataStream: skippedFunction.Name: storage_type<gsl::details::extent_type<4294967295> ><gsl::details::extent_type<2> >.
2025-02-11 19:44:19.082 -05:00 [VRB] CoverageMessagesWriter.WriteModuleDataStream: skippedFunction.Name: extent_type<4294967295>.
2025-02-11 19:44:19.082 -05:00 [VRB] CoverageMessagesWriter.WriteModuleDataStream: skippedFunction.Name: __filter_x86_sse2_floating_point_exception_default.
2025-02-11 19:44:19.082 -05:00 [VRB] CoverageMessagesWriter.WriteModuleDataStream: skippedFunction.Name: __Init_thread_abort.
2025-02-11 19:44:19.082 -05:00 [VRB] CoverageMessagesWriter.WriteModuleDataStream: skippedFunction.Name: size.
2025-02-11 19:44:19.082 -05:00 [VRB] CoverageMessagesWriter.WriteModuleDataStream: skippedFunction.Name: not_equal_to_end.
2025-02-11 19:44:19.082 -05:00 [VRB] CoverageMessagesWriter.WriteModuleDataStream: skippedFunction.Name: operator()<std::pair<void * const,bibliotheque_cours::InfoBlocMemoire>,std::pair<void * const,bibliotheque_cours::InfoBlocMemoire> >(struct std::pair<void * const,bibliotheque_cours::InfoBlocMemoire> *, struct std::pair<void * const,bibliotheque_cours::InfoBlocMemoire> *).
2025-02-11 19:44:19.082 -05:00 [VRB] CoverageMessagesWriter.WriteModuleDataStream: skippedFunction.Name: span<unsigned int,4294967295><4294967295,0>.
2025-02-11 19:44:19.082 -05:00 [VRB] CoverageMessagesWriter.WriteModuleDataStream: skippedFunction.Name: @_RTC_CheckStackVars@8.
2025-02-11 19:44:19.082 -05:00 [VRB] CoverageMessagesWriter.WriteModuleDataStream: skippedFunction.Name: sync.
2025-02-11 19:44:19.082 -05:00 [VRB] CoverageMessagesWriter.WriteModuleDataStream: skippedFunction.Name: `dynamic initializer for 'cdbg''().
2025-02-11 19:44:19.082 -05:00 [VRB] CoverageMessagesWriter.WriteModuleDataStream: skippedFunction.Name: assurer_taille_allocation_possible.
2025-02-11 19:44:19.082 -05:00 [VRB] CoverageMessagesWriter.WriteModuleDataStream: skippedFunction.Name: storage_type<gsl::details::extent_type<4294967295> ><unsigned int>.
2025-02-11 19:44:19.082 -05:00 [VRB] CoverageMessagesWriter.WriteModuleDataStream: skippedFunction.Name: @_guard_check_icall_nop@4.
2025-02-11 19:44:19.082 -05:00 [VRB] CoverageMessagesWriter.WriteModuleDataStream: skippedFunction.Name: operator()(unsigned int).
2025-02-11 19:44:19.082 -05:00 [VRB] CoverageMessagesWriter.WriteModuleDataStream: skippedFunction.Name: ~RemplaceRemet<`bibliotheque_cours::remplaceConsoleOutputCP'::`2'::<lambda_1>,unsigned int &>().
2025-02-11 19:44:19.082 -05:00 [VRB] CoverageMessagesWriter.WriteModuleDataStream: skippedFunction.Name: end.
2025-02-11 19:44:19.082 -05:00 [VRB] CoverageMessagesWriter.WriteModuleDataStream: skippedFunction.Name: _RTC_GetSrcLine.
2025-02-11 19:44:19.082 -05:00 [VRB] CoverageMessagesWriter.WriteModuleDataStream: skippedFunction.Name: __Init_thread_notify.
2025-02-11 19:44:19.082 -05:00 [VRB] CoverageMessagesWriter.WriteModuleDataStream: skippedFunction.Name: __Init_thread_footer.
2025-02-11 19:44:19.082 -05:00 [VRB] CoverageMessagesWriter.WriteModuleDataStream: skippedFunction.Name: operator*.
2025-02-11 19:44:19.082 -05:00 [VRB] CoverageMessagesWriter.WriteModuleDataStream: skippedFunction.Name: `dynamic initializer for '_initConsole''().
2025-02-11 19:44:19.082 -05:00 [VRB] CoverageMessagesWriter.WriteModuleDataStream: skippedFunction.Name: `dynamic initializer for '_initConsole''().
2025-02-11 19:44:19.082 -05:00 [VRB] CoverageMessagesWriter.WriteModuleDataStream: skippedFunction.Name: operator()<gsl::span<char const *,4294967295> >(class gsl::span<char const *,4294967295>).
2025-02-11 19:44:19.082 -05:00 [VRB] CoverageMessagesWriter.WriteModuleDataStream: skippedFunction.Name: taille_allocation_selon_verification_corruption.
2025-02-11 19:44:19.082 -05:00 [VRB] CoverageMessagesWriter.WriteModuleDataStream: skippedFunction.Name: data.
2025-02-11 19:44:19.082 -05:00 [VRB] CoverageMessagesWriter.WriteModuleDataStream: skippedFunction.Name: est_depuis.
2025-02-11 19:44:19.082 -05:00 [VRB] CoverageMessagesWriter.WriteModuleDataStream: skippedFunction.Name: static int GetPdbDllPathFromFilePath(const wchar_t *, wchar_t *, unsigned int).
2025-02-11 19:44:19.082 -05:00 [VRB] CoverageMessagesWriter.WriteModuleDataStream: skippedFunction.Name: static struct HINSTANCE__ * GetPdbDll().
2025-02-11 19:44:19.082 -05:00 [VRB] CoverageMessagesWriter.WriteModuleDataStream: skippedFunction.Name: pointeur_octets.
2025-02-11 19:44:19.082 -05:00 [VRB] CoverageMessagesWriter.WriteModuleDataStream: skippedFunction.Name: displayDebugString(const class std::basic_string<char,std::char_traits<char>,std::allocator<char> > & const).
2025-02-11 19:44:19.082 -05:00 [VRB] CoverageMessagesWriter.WriteModuleDataStream: skippedFunction.Name: executerGoogleTest.
2025-02-11 19:44:19.082 -05:00 [VRB] CoverageMessagesWriter.WriteModuleDataStream: skippedFunction.Name: __Init_thread_header.
2025-02-11 19:44:19.082 -05:00 [VRB] CoverageMessagesWriter.WriteModuleDataStream: skippedFunction.Name: notre_operator_delete.
2025-02-11 19:44:19.082 -05:00 [VRB] CoverageMessagesWriter.WriteModuleDataStream: skippedFunction.Name: operator new[].
2025-02-11 19:44:19.082 -05:00 [VRB] CoverageMessagesWriter.WriteModuleDataStream: skippedFunction.Name: operator new[].
2025-02-11 19:44:19.082 -05:00 [VRB] CoverageMessagesWriter.WriteModuleDataStream: skippedFunction.Name: dump_blocs_alloues.
2025-02-11 19:44:19.082 -05:00 [VRB] CoverageMessagesWriter.WriteModuleDataStream: skippedFunction.Name: flushMessageBuffer.
2025-02-11 19:44:19.082 -05:00 [VRB] CoverageMessagesWriter.WriteModuleDataStream: skippedFunction.Name: initialisation_juste_avant_variables_globales().
2025-02-11 19:44:19.082 -05:00 [VRB] CoverageMessagesWriter.WriteModuleDataStream: skippedFunction.Name: remet().
2025-02-11 19:44:19.082 -05:00 [VRB] CoverageMessagesWriter.WriteModuleDataStream: skippedFunction.Name: VerifierFuitesAllocations.
2025-02-11 19:44:19.082 -05:00 [VRB] CoverageMessagesWriter.WriteModuleDataStream: skippedFunction.Name: tester_verification_corruption_sur_allocation.
2025-02-11 19:44:19.082 -05:00 [VRB] CoverageMessagesWriter.WriteModuleDataStream: skippedFunction.Name: size.
2025-02-11 19:44:19.082 -05:00 [VRB] CoverageMessagesWriter.WriteModuleDataStream: skippedFunction.Name: __Smtx_lock_shared.
2025-02-11 19:44:19.082 -05:00 [VRB] CoverageMessagesWriter.WriteModuleDataStream: skippedFunction.Name: __onexit.
2025-02-11 19:44:19.082 -05:00 [VRB] CoverageMessagesWriter.WriteModuleDataStream: skippedFunction.Name: etait_deja_actif.
2025-02-11 19:44:19.082 -05:00 [VRB] CoverageMessagesWriter.WriteModuleDataStream: skippedFunction.Name: lancer_erreur_delete(bibliotheque_cours::SorteErreurDelete, const struct bibliotheque_cours::InfoBlocMemoire & const).
2025-02-11 19:44:19.082 -05:00 [VRB] CoverageMessagesWriter.WriteModuleDataStream: skippedFunction.Name: static int post_pgo_initialization().
2025-02-11 19:44:19.082 -05:00 [VRB] CoverageMessagesWriter.WriteModuleDataStream: skippedFunction.Name: __crt_debugger_hook.
2025-02-11 19:44:19.082 -05:00 [VRB] CoverageMessagesWriter.WriteModuleDataStream: skippedFunction.Name: activerEncodageLocale.
2025-02-11 19:44:19.082 -05:00 [VRB] CoverageMessagesWriter.WriteModuleDataStream: skippedFunction.Name: <lambda_1>(const int & const).
2025-02-11 19:44:19.082 -05:00 [VRB] CoverageMessagesWriter.WriteModuleDataStream: skippedFunction.Name: __Smtx_lock_exclusive.
2025-02-11 19:44:19.082 -05:00 [VRB] CoverageMessagesWriter.WriteModuleDataStream: skippedFunction.Name: ~VerifierALaFin.
2025-02-11 19:44:19.082 -05:00 [VRB] CoverageMessagesWriter.WriteModuleDataStream: skippedFunction.Name: __Init_thread_lock.
2025-02-11 19:44:19.082 -05:00 [INF] CoverageFileWriter.WriteFile: schema: 1, modules: True, skippedFunctions: True, skippedModules: True, snapshot: True
2025-02-11 19:44:19.082 -05:00 [INF] Report generator: DefaultReportGenerator, output file: couvertureTue 02-11-2025_19_44_18.23.coverage
2025-02-11 19:44:19.082 -05:00 [VRB] PipeConnection.Stop: 906420e9-3453-4424-aeda-310b10b674f3 finished
2025-02-11 19:44:19.082 -05:00 [VRB] PipeConnection.Stop: 8439b03d-7f23-44e7-8828-e24e32dee0f5 finished
2025-02-11 19:44:19.082 -05:00 [VRB] PipeConnection.Stop: 021d8a2e-34dc-4ab9-a428-99baab248604 finished
2025-02-11 19:44:19.082 -05:00 [VRB] PipeConnection.Stop: da5391a2-bb3e-49b4-a42c-0b38c1a97f6a finished
2025-02-11 19:44:19.082 -05:00 [VRB] PipeConnection.Stop: 3b6384b4-2622-411b-876f-1911de099e0e finished
2025-02-11 19:44:19.082 -05:00 [VRB] PipeConnection.Stop: 8cc58129-fcf9-4449-ac3a-206daf548926 finished
2025-02-11 19:44:19.082 -05:00 [VRB] PipeConnection.Stop: d45d8b97-8fbe-43ee-b6db-47c8b568637b finished
2025-02-11 19:44:19.082 -05:00 [INF] LoggerBase.OnShutdown: Logger is shutting down.
2025-02-11 19:44:19.082 -05:00 [VRB] PipeConnection.Stop: 906420e9-3453-4424-aeda-310b10b674f3 finished
2025-02-11 19:44:19.082 -05:00 [VRB] PipeConnection.Stop: 8439b03d-7f23-44e7-8828-e24e32dee0f5 finished
2025-02-11 19:44:19.082 -05:00 [VRB] PipeConnection.Stop: 021d8a2e-34dc-4ab9-a428-99baab248604 finished
2025-02-11 19:44:19.082 -05:00 [VRB] PipeConnection.Stop: da5391a2-bb3e-49b4-a42c-0b38c1a97f6a finished
2025-02-11 19:44:19.082 -05:00 [VRB] PipeConnection.Stop: 3b6384b4-2622-411b-876f-1911de099e0e finished
2025-02-11 19:44:19.082 -05:00 [VRB] PipeConnection.Stop: 8cc58129-fcf9-4449-ac3a-206daf548926 finished
2025-02-11 19:44:19.082 -05:00 [VRB] PipeConnection.Stop: d45d8b97-8fbe-43ee-b6db-47c8b568637b finished
2025-02-11 19:44:19.082 -05:00 [VRB] PipeConnection.Stop: 906420e9-3453-4424-aeda-310b10b674f3 finished
2025-02-11 19:44:19.082 -05:00 [VRB] PipeConnection.Stop: 8439b03d-7f23-44e7-8828-e24e32dee0f5 finished
2025-02-11 19:44:19.082 -05:00 [VRB] PipeConnection.Stop: 021d8a2e-34dc-4ab9-a428-99baab248604 finished
2025-02-11 19:44:19.082 -05:00 [VRB] PipeConnection.Stop: da5391a2-bb3e-49b4-a42c-0b38c1a97f6a finished
2025-02-11 19:44:19.082 -05:00 [VRB] PipeConnection.Stop: 3b6384b4-2622-411b-876f-1911de099e0e finished
2025-02-11 19:44:19.082 -05:00 [VRB] PipeConnection.Stop: 8cc58129-fcf9-4449-ac3a-206daf548926 finished
2025-02-11 19:44:19.082 -05:00 [VRB] PipeConnection.Stop: d45d8b97-8fbe-43ee-b6db-47c8b568637b finished
2025-02-11 19:44:19.082 -05:00 [INF] PipeConnection.OnClientConnected: da5391a2-bb3e-49b4-a42c-0b38c1a97f6a connection was not made. Exception: Impossible d'accder  un canal ferm.
2025-02-11 19:44:19.082 -05:00 [INF] PipeConnection.OnClientConnected: 3b6384b4-2622-411b-876f-1911de099e0e connection was not made. Exception: Impossible d'accder  un canal ferm.
2025-02-11 19:44:19.082 -05:00 [VRB] PipeConnection.OnClientConnected: 3b6384b4-2622-411b-876f-1911de099e0e finished
2025-02-11 19:44:19.082 -05:00 [VRB] PipeConnection.OnClientConnected: da5391a2-bb3e-49b4-a42c-0b38c1a97f6a finished
2025-02-11 19:44:19.082 -05:00 [INF] PipeConnection.OnClientConnected: 021d8a2e-34dc-4ab9-a428-99baab248604 connection was not made. Exception: Impossible d'accder  un canal ferm.
2025-02-11 19:44:19.082 -05:00 [VRB] PipeConnection.OnClientConnected: 021d8a2e-34dc-4ab9-a428-99baab248604 finished
2025-02-11 19:44:19.082 -05:00 [INF] PipeConnection.OnClientConnected: 8cc58129-fcf9-4449-ac3a-206daf548926 connection was not made. Exception: Impossible d'accder  un canal ferm.
2025-02-11 19:44:19.082 -05:00 [VRB] PipeConnection.OnClientConnected: 8cc58129-fcf9-4449-ac3a-206daf548926 finished
2025-02-11 19:44:19.082 -05:00 [INF] PipeConnection.OnClientConnected: d45d8b97-8fbe-43ee-b6db-47c8b568637b connection was not made. Exception: Impossible d'accder  un canal ferm.
2025-02-11 19:44:19.082 -05:00 [VRB] PipeConnection.OnClientConnected: d45d8b97-8fbe-43ee-b6db-47c8b568637b finished
2025-02-11 19:44:19.082 -05:00 [VRB] Cleanup session directory folder 'C:\Users\ThomasPronovost\AppData\Local\Temp\886352ee-44b3-42bf-b207-226d64c5c7d0'
